{"level":"info","time":"2024-01-09T13:10:39.321+0530","caller":"cmd/lt.go:193","msg":"LambdaTest Tunnel version: 3.1.31"}
{"level":"debug","time":"2024-01-09T13:10:39.323+0530","caller":"core/lifecycle.go:41","msg":"Starting pipeline....."}
{"level":"debug","time":"2024-01-09T13:10:39.323+0530","caller":"core/lifecycle.go:42","msg":"OS: windows, Arch: amd64"}
{"level":"debug","time":"2024-01-09T13:10:39.324+0530","caller":"core/lifecycle.go:43","msg":"Fetching config"}
{"level":"debug","time":"2024-01-09T13:10:39.324+0530","caller":"core/lifecycle.go:65","msg":"Starting tunnel With flags: --user vinoth.vasu--yueJpzPQE7OWAzrag3Fhf43qA09QI9G7qP4x4aOYCy3IGvyTb accesskey --env ht-prod --tunnelName GuidewireTunnel -v"}
{"level":"debug","time":"2024-01-09T13:10:41.068+0530","caller":"core/lifecycle.go:83","msg":"Remote config fetched"}
{"level":"debug","time":"2024-01-09T13:10:41.208+0530","caller":"custom/setup.go:777","msg":"Starting sink proxy"}
{"level":"debug","time":"2024-01-09T13:10:41.209+0530","caller":"networkscanner/setup.go:63","msg":"Trying on port 22"}
{"level":"debug","time":"2024-01-09T13:10:41.209+0530","caller":"networkscanner/setup.go:97","msg":"Trying on port 443"}
{"level":"debug","time":"2024-01-09T13:10:41.209+0530","caller":"networkscanner/setup.go:131","msg":"Trying over ssh over ws"}
{"level":"info","time":"2024-01-09T13:10:41.211+0530","caller":"custom/setup.go:720","msg":"Tunnel binary started on port :9090"}
{"level":"debug","time":"2024-01-09T13:10:41.246+0530","caller":"networkscanner/setup.go:148","msg":"WSS connection was successful"}
{"level":"debug","time":"2024-01-09T13:10:41.818+0530","caller":"networkscanner/setup.go:173","msg":"SSH connection over ws successful"}
{"level":"debug","time":"2024-01-09T13:10:41.908+0530","caller":"networkscanner/setup.go:84","msg":"SSH connection over port 22 successful"}
{"level":"debug","time":"2024-01-09T13:10:41.912+0530","caller":"networkscanner/setup.go:118","msg":"SSH connection over port 443 successful"}
{"level":"info","time":"2024-01-09T13:10:41.913+0530","caller":"core/lifecycle.go:120","msg":"Using ssh(over_22) :: connection mode"}
{"level":"info","time":"2024-01-09T13:10:41.913+0530","caller":"core/lifecycle.go:250","msg":"Launching tunnel"}
{"level":"debug","time":"2024-01-09T13:10:41.914+0530","caller":"ws/control.go:34","msg":"Starting control ws connection at wss://hts.lambdatest.com/monitor"}
{"level":"error","time":"2024-01-09T13:10:42.718+0530","caller":"core/lifecycle.go:253","msg":"There was an error while starting tunnel: ERR::LUNCH::TUNN : Launch tunnel failed Request failed(401): {\"message\":\"Unable to authenticate user, please try again\"} "}
{"level":"error","time":"2024-01-09T13:10:42.720+0530","caller":"core/lifecycle.go:255","msg":"Invalid Credentials, Please try again!"}
{"level":"info","time":"2024-01-09T13:12:47.236+0530","caller":"cmd/lt.go:193","msg":"LambdaTest Tunnel version: 3.1.31"}
{"level":"debug","time":"2024-01-09T13:12:47.237+0530","caller":"core/lifecycle.go:41","msg":"Starting pipeline....."}
{"level":"debug","time":"2024-01-09T13:12:47.237+0530","caller":"core/lifecycle.go:42","msg":"OS: windows, Arch: amd64"}
{"level":"debug","time":"2024-01-09T13:12:47.237+0530","caller":"core/lifecycle.go:43","msg":"Fetching config"}
{"level":"warn","time":"2024-01-09T13:12:47.237+0530","caller":"configmanager/setup.go:79","msg":"Tunnel Name was not specified, using: 6c4b819c-899d-403f-b0c9-7b25fcecf4eb"}
{"level":"debug","time":"2024-01-09T13:12:47.238+0530","caller":"core/lifecycle.go:65","msg":"Starting tunnel With flags: --user vinoth.vasu --key *****"}
{"level":"debug","time":"2024-01-09T13:12:47.735+0530","caller":"core/lifecycle.go:83","msg":"Remote config fetched"}
{"level":"debug","time":"2024-01-09T13:12:47.870+0530","caller":"custom/setup.go:777","msg":"Starting sink proxy"}
{"level":"debug","time":"2024-01-09T13:12:47.870+0530","caller":"networkscanner/setup.go:97","msg":"Trying on port 443"}
{"level":"debug","time":"2024-01-09T13:12:47.870+0530","caller":"networkscanner/setup.go:63","msg":"Trying on port 22"}
{"level":"debug","time":"2024-01-09T13:12:47.870+0530","caller":"networkscanner/setup.go:131","msg":"Trying over ssh over ws"}
{"level":"info","time":"2024-01-09T13:12:47.872+0530","caller":"custom/setup.go:720","msg":"Tunnel binary started on port :9090"}
{"level":"debug","time":"2024-01-09T13:12:47.951+0530","caller":"networkscanner/setup.go:148","msg":"WSS connection was successful"}
{"level":"debug","time":"2024-01-09T13:12:48.695+0530","caller":"networkscanner/setup.go:118","msg":"SSH connection over port 443 successful"}
{"level":"debug","time":"2024-01-09T13:12:48.732+0530","caller":"networkscanner/setup.go:173","msg":"SSH connection over ws successful"}
{"level":"debug","time":"2024-01-09T13:12:48.743+0530","caller":"networkscanner/setup.go:84","msg":"SSH connection over port 22 successful"}
{"level":"info","time":"2024-01-09T13:12:48.743+0530","caller":"core/lifecycle.go:120","msg":"Using ssh(over_22) :: connection mode"}
{"level":"debug","time":"2024-01-09T13:12:48.744+0530","caller":"ws/control.go:34","msg":"Starting control ws connection at wss://ts.lambdatest.com/monitor"}
{"level":"info","time":"2024-01-09T13:12:48.743+0530","caller":"core/lifecycle.go:250","msg":"Launching tunnel"}
{"level":"debug","time":"2024-01-09T13:12:49.081+0530","caller":"ws/control.go:72","msg":"Control ws channel opened"}
{"level":"debug","time":"2024-01-09T13:12:49.082+0530","caller":"ws/control.go:131","msg":"Starting message listener on control connection"}
{"level":"debug","time":"2024-01-09T13:12:50.581+0530","caller":"tunnelmanager/controller.go:149","msg":"otel disabled"}
{"level":"debug","time":"2024-01-09T13:12:50.581+0530","caller":"core/lifecycle.go:322","msg":"Sending tunnel registered message to channels"}
{"level":"debug","time":"2024-01-09T13:12:50.581+0530","caller":"ws/control.go:196","msg":"Tunnel registered message received on control channel"}
{"level":"debug","time":"2024-01-09T13:12:50.581+0530","caller":"ssh/setup.go:71","msg":"Using 5 ssh connection"}
{"level":"debug","time":"2024-01-09T13:12:50.581+0530","caller":"ws/control.go:200","msg":"controller bus registered"}
{"level":"debug","time":"2024-01-09T13:12:51.498+0530","caller":"ssh/ssh.go:216","msg":"Successfully started sshd listener on port: 22393"}
{"level":"debug","time":"2024-01-09T13:12:51.498+0530","caller":"ssh/ssh.go:216","msg":"Successfully started sshd listener on port: 10827"}
{"level":"info","time":"2024-01-09T13:12:51.498+0530","caller":"core/lifecycle.go:336","msg":"You can start testing now"}
{"level":"info","time":"2024-01-09T13:12:51.498+0530","caller":"core/lifecycle.go:337","msg":"Tunnel ID: 5678659"}
{"level":"debug","time":"2024-01-09T13:12:51.499+0530","caller":"core/lifecycle.go:338","msg":"Remote Listener Started on Port 22630"}
{"level":"debug","time":"2024-01-09T13:12:51.514+0530","caller":"ssh/ssh.go:216","msg":"Successfully started sshd listener on port: 3403"}
{"level":"debug","time":"2024-01-09T13:12:51.610+0530","caller":"ssh/ssh.go:216","msg":"Successfully started sshd listener on port: 4225"}
{"level":"debug","time":"2024-01-09T13:12:51.664+0530","caller":"ssh/ssh.go:216","msg":"Successfully started sshd listener on port: 19872"}
{"level":"debug","time":"2024-01-09T13:14:20.573+0530","caller":"cmd/lt.go:257","msg":"main: received interrupt signal - attempting graceful shutdown ...."}
{"level":"debug","time":"2024-01-09T13:14:20.573+0530","caller":"cmd/lt.go:259","msg":"main: telling goroutines to stop"}
{"level":"debug","time":"2024-01-09T13:14:20.573+0530","caller":"custom/setup.go:765","msg":"Exiting the sink proxy","tunnelID":"5678659"}
{"level":"debug","time":"2024-01-09T13:14:20.573+0530","caller":"core/lifecycle.go:379","msg":"Context cancelled"}
{"level":"info","time":"2024-01-09T13:14:20.573+0530","caller":"core/lifecycle.go:381","msg":"Stopping tunnel"}
{"level":"debug","time":"2024-01-09T13:14:20.577+0530","caller":"ws/control.go:140","msg":"Unusual close error on control channel..."}
{"level":"debug","time":"2024-01-09T13:14:20.577+0530","caller":"ws/control.go:193","msg":"Write loop ended for control channel"}
{"level":"info","time":"2024-01-09T13:14:21.695+0530","caller":"core/lifecycle.go:388","msg":"Tunnel stopped successfully"}
{"level":"debug","time":"2024-01-09T13:14:21.696+0530","caller":"core/lifecycle.go:390","msg":"Quit requested from main goroutine...."}
{"level":"debug","time":"2024-01-09T13:14:21.696+0530","caller":"core/lifecycle.go:391","msg":"Waiting for the goroutines to exit"}
{"level":"debug","time":"2024-01-09T13:14:21.696+0530","caller":"core/lifecycle.go:393","msg":"All goroutines exited"}
{"level":"debug","time":"2024-01-09T13:14:21.696+0530","caller":"cmd/lt.go:249","msg":"main: all goroutines have finished."}
{"level":"debug","time":"2024-01-09T13:14:21.696+0530","caller":"cmd/lt.go:263","msg":"Go routines exited within timeout"}
{"level":"info","time":"2024-01-09T13:16:01.568+0530","caller":"cmd/lt.go:193","msg":"LambdaTest Tunnel version: 3.1.31"}
{"level":"debug","time":"2024-01-09T13:16:01.570+0530","caller":"core/lifecycle.go:41","msg":"Starting pipeline....."}
{"level":"debug","time":"2024-01-09T13:16:01.570+0530","caller":"core/lifecycle.go:42","msg":"OS: windows, Arch: amd64"}
{"level":"debug","time":"2024-01-09T13:16:01.570+0530","caller":"core/lifecycle.go:43","msg":"Fetching config"}
{"level":"warn","time":"2024-01-09T13:16:01.570+0530","caller":"configmanager/setup.go:79","msg":"Tunnel Name was not specified, using: 3a25c40e-8365-4f6f-9d49-5a0d0a866bb1"}
{"level":"debug","time":"2024-01-09T13:16:01.571+0530","caller":"core/lifecycle.go:65","msg":"Starting tunnel With flags: --user vinoth.vasu --key *****"}
{"level":"debug","time":"2024-01-09T13:16:02.025+0530","caller":"core/lifecycle.go:83","msg":"Remote config fetched"}
{"level":"debug","time":"2024-01-09T13:16:02.072+0530","caller":"custom/setup.go:777","msg":"Starting sink proxy"}
{"level":"debug","time":"2024-01-09T13:16:02.072+0530","caller":"networkscanner/setup.go:131","msg":"Trying over ssh over ws"}
{"level":"debug","time":"2024-01-09T13:16:02.072+0530","caller":"networkscanner/setup.go:63","msg":"Trying on port 22"}
{"level":"debug","time":"2024-01-09T13:16:02.072+0530","caller":"networkscanner/setup.go:97","msg":"Trying on port 443"}
{"level":"info","time":"2024-01-09T13:16:02.073+0530","caller":"custom/setup.go:720","msg":"Tunnel binary started on port :9090"}
{"level":"debug","time":"2024-01-09T13:16:02.149+0530","caller":"networkscanner/setup.go:148","msg":"WSS connection was successful"}
{"level":"debug","time":"2024-01-09T13:16:02.962+0530","caller":"networkscanner/setup.go:118","msg":"SSH connection over port 443 successful"}
{"level":"debug","time":"2024-01-09T13:16:02.963+0530","caller":"networkscanner/setup.go:173","msg":"SSH connection over ws successful"}
{"level":"debug","time":"2024-01-09T13:16:03.042+0530","caller":"networkscanner/setup.go:84","msg":"SSH connection over port 22 successful"}
{"level":"info","time":"2024-01-09T13:16:03.042+0530","caller":"core/lifecycle.go:120","msg":"Using ssh(over_22) :: connection mode"}
{"level":"debug","time":"2024-01-09T13:16:03.043+0530","caller":"ws/control.go:34","msg":"Starting control ws connection at wss://ts.lambdatest.com/monitor"}
{"level":"info","time":"2024-01-09T13:16:03.043+0530","caller":"core/lifecycle.go:250","msg":"Launching tunnel"}
{"level":"debug","time":"2024-01-09T13:16:03.347+0530","caller":"ws/control.go:72","msg":"Control ws channel opened"}
{"level":"debug","time":"2024-01-09T13:16:03.348+0530","caller":"ws/control.go:131","msg":"Starting message listener on control connection"}
{"level":"debug","time":"2024-01-09T13:16:04.845+0530","caller":"tunnelmanager/controller.go:149","msg":"otel disabled"}
{"level":"debug","time":"2024-01-09T13:16:04.845+0530","caller":"core/lifecycle.go:322","msg":"Sending tunnel registered message to channels"}
{"level":"debug","time":"2024-01-09T13:16:04.845+0530","caller":"ws/control.go:196","msg":"Tunnel registered message received on control channel"}
{"level":"debug","time":"2024-01-09T13:16:04.845+0530","caller":"ws/control.go:200","msg":"controller bus registered"}
{"level":"debug","time":"2024-01-09T13:16:04.845+0530","caller":"ssh/setup.go:71","msg":"Using 5 ssh connection"}
{"level":"debug","time":"2024-01-09T13:16:05.795+0530","caller":"ssh/ssh.go:216","msg":"Successfully started sshd listener on port: 23635"}
{"level":"debug","time":"2024-01-09T13:16:05.844+0530","caller":"ssh/ssh.go:216","msg":"Successfully started sshd listener on port: 12572"}
{"level":"debug","time":"2024-01-09T13:16:05.844+0530","caller":"ssh/ssh.go:216","msg":"Successfully started sshd listener on port: 16716"}
{"level":"info","time":"2024-01-09T13:16:05.844+0530","caller":"core/lifecycle.go:336","msg":"You can start testing now"}
{"level":"info","time":"2024-01-09T13:16:05.844+0530","caller":"core/lifecycle.go:337","msg":"Tunnel ID: 5678681"}
{"level":"debug","time":"2024-01-09T13:16:05.846+0530","caller":"core/lifecycle.go:338","msg":"Remote Listener Started on Port 23286"}
{"level":"debug","time":"2024-01-09T13:16:06.001+0530","caller":"ssh/ssh.go:216","msg":"Successfully started sshd listener on port: 15600"}
{"level":"debug","time":"2024-01-09T13:16:06.001+0530","caller":"ssh/ssh.go:216","msg":"Successfully started sshd listener on port: 15265"}
{"level":"debug","time":"2024-01-09T13:16:10.461+0530","caller":"cmd/lt.go:257","msg":"main: received interrupt signal - attempting graceful shutdown ...."}
{"level":"debug","time":"2024-01-09T13:16:10.461+0530","caller":"cmd/lt.go:259","msg":"main: telling goroutines to stop"}
{"level":"debug","time":"2024-01-09T13:16:10.461+0530","caller":"custom/setup.go:765","msg":"Exiting the sink proxy","tunnelID":"5678681"}
{"level":"debug","time":"2024-01-09T13:16:10.461+0530","caller":"core/lifecycle.go:379","msg":"Context cancelled"}
{"level":"info","time":"2024-01-09T13:16:10.461+0530","caller":"core/lifecycle.go:381","msg":"Stopping tunnel"}
{"level":"debug","time":"2024-01-09T13:16:10.462+0530","caller":"ws/control.go:140","msg":"Unusual close error on control channel..."}
{"level":"debug","time":"2024-01-09T13:16:10.462+0530","caller":"ws/control.go:193","msg":"Write loop ended for control channel"}
{"level":"info","time":"2024-01-09T13:16:11.523+0530","caller":"core/lifecycle.go:388","msg":"Tunnel stopped successfully"}
{"level":"debug","time":"2024-01-09T13:16:11.524+0530","caller":"core/lifecycle.go:390","msg":"Quit requested from main goroutine...."}
{"level":"debug","time":"2024-01-09T13:16:11.524+0530","caller":"core/lifecycle.go:391","msg":"Waiting for the goroutines to exit"}
{"level":"debug","time":"2024-01-09T13:16:11.524+0530","caller":"core/lifecycle.go:393","msg":"All goroutines exited"}
{"level":"debug","time":"2024-01-09T13:16:11.524+0530","caller":"cmd/lt.go:249","msg":"main: all goroutines have finished."}
{"level":"debug","time":"2024-01-09T13:16:11.524+0530","caller":"cmd/lt.go:263","msg":"Go routines exited within timeout"}
{"level":"info","time":"2024-01-09T13:17:45.205+0530","caller":"cmd/lt.go:193","msg":"LambdaTest Tunnel version: 3.1.31"}
{"level":"debug","time":"2024-01-09T13:17:45.207+0530","caller":"core/lifecycle.go:41","msg":"Starting pipeline....."}
{"level":"debug","time":"2024-01-09T13:17:45.207+0530","caller":"core/lifecycle.go:42","msg":"OS: windows, Arch: amd64"}
{"level":"debug","time":"2024-01-09T13:17:45.207+0530","caller":"core/lifecycle.go:43","msg":"Fetching config"}
{"level":"warn","time":"2024-01-09T13:17:45.207+0530","caller":"configmanager/setup.go:79","msg":"Tunnel Name was not specified, using: 4feac1f8-7706-4cb5-aeef-29ab08308a01"}
{"level":"debug","time":"2024-01-09T13:17:45.207+0530","caller":"core/lifecycle.go:65","msg":"Starting tunnel With flags: --user vinoth.vasu --key *****"}
{"level":"debug","time":"2024-01-09T13:17:45.693+0530","caller":"core/lifecycle.go:83","msg":"Remote config fetched"}
{"level":"debug","time":"2024-01-09T13:17:45.757+0530","caller":"custom/setup.go:777","msg":"Starting sink proxy"}
{"level":"debug","time":"2024-01-09T13:17:45.757+0530","caller":"networkscanner/setup.go:97","msg":"Trying on port 443"}
{"level":"debug","time":"2024-01-09T13:17:45.757+0530","caller":"networkscanner/setup.go:63","msg":"Trying on port 22"}
{"level":"debug","time":"2024-01-09T13:17:45.757+0530","caller":"networkscanner/setup.go:131","msg":"Trying over ssh over ws"}
{"level":"info","time":"2024-01-09T13:17:45.758+0530","caller":"custom/setup.go:720","msg":"Tunnel binary started on port :9090"}
{"level":"debug","time":"2024-01-09T13:17:45.839+0530","caller":"networkscanner/setup.go:148","msg":"WSS connection was successful"}
{"level":"debug","time":"2024-01-09T13:17:46.619+0530","caller":"networkscanner/setup.go:118","msg":"SSH connection over port 443 successful"}
{"level":"debug","time":"2024-01-09T13:17:46.621+0530","caller":"networkscanner/setup.go:173","msg":"SSH connection over ws successful"}
{"level":"debug","time":"2024-01-09T13:17:46.660+0530","caller":"networkscanner/setup.go:84","msg":"SSH connection over port 22 successful"}
{"level":"info","time":"2024-01-09T13:17:46.660+0530","caller":"core/lifecycle.go:120","msg":"Using ssh(over_22) :: connection mode"}
{"level":"debug","time":"2024-01-09T13:17:46.661+0530","caller":"ws/control.go:34","msg":"Starting control ws connection at wss://ts.lambdatest.com/monitor"}
{"level":"info","time":"2024-01-09T13:17:46.661+0530","caller":"core/lifecycle.go:250","msg":"Launching tunnel"}
{"level":"debug","time":"2024-01-09T13:17:47.610+0530","caller":"ws/control.go:72","msg":"Control ws channel opened"}
{"level":"debug","time":"2024-01-09T13:17:47.610+0530","caller":"ws/control.go:131","msg":"Starting message listener on control connection"}
{"level":"debug","time":"2024-01-09T13:17:48.612+0530","caller":"tunnelmanager/controller.go:149","msg":"otel disabled"}
{"level":"debug","time":"2024-01-09T13:17:48.612+0530","caller":"core/lifecycle.go:322","msg":"Sending tunnel registered message to channels"}
{"level":"debug","time":"2024-01-09T13:17:48.612+0530","caller":"ssh/setup.go:71","msg":"Using 5 ssh connection"}
{"level":"debug","time":"2024-01-09T13:17:48.612+0530","caller":"ws/control.go:196","msg":"Tunnel registered message received on control channel"}
{"level":"debug","time":"2024-01-09T13:17:48.612+0530","caller":"ws/control.go:200","msg":"controller bus registered"}
{"level":"debug","time":"2024-01-09T13:17:49.475+0530","caller":"ssh/ssh.go:216","msg":"Successfully started sshd listener on port: 2231"}
{"level":"debug","time":"2024-01-09T13:17:49.475+0530","caller":"ssh/ssh.go:216","msg":"Successfully started sshd listener on port: 28625"}
{"level":"info","time":"2024-01-09T13:17:49.475+0530","caller":"core/lifecycle.go:336","msg":"You can start testing now"}
{"level":"info","time":"2024-01-09T13:17:49.476+0530","caller":"core/lifecycle.go:337","msg":"Tunnel ID: 5678697"}
{"level":"debug","time":"2024-01-09T13:17:49.476+0530","caller":"core/lifecycle.go:338","msg":"Remote Listener Started on Port 25939"}
{"level":"debug","time":"2024-01-09T13:17:49.521+0530","caller":"ssh/ssh.go:216","msg":"Successfully started sshd listener on port: 6140"}
{"level":"debug","time":"2024-01-09T13:17:49.645+0530","caller":"ssh/ssh.go:216","msg":"Successfully started sshd listener on port: 26903"}
{"level":"debug","time":"2024-01-09T13:17:49.675+0530","caller":"ssh/ssh.go:216","msg":"Successfully started sshd listener on port: 2376"}
{"level":"debug","time":"2024-01-09T13:31:14.521+0530","caller":"cmd/lt.go:257","msg":"main: received interrupt signal - attempting graceful shutdown ...."}
{"level":"debug","time":"2024-01-09T13:31:14.521+0530","caller":"cmd/lt.go:259","msg":"main: telling goroutines to stop"}
{"level":"debug","time":"2024-01-09T13:31:14.521+0530","caller":"custom/setup.go:765","msg":"Exiting the sink proxy","tunnelID":"5678697"}
{"level":"debug","time":"2024-01-09T13:31:14.521+0530","caller":"core/lifecycle.go:379","msg":"Context cancelled"}
{"level":"info","time":"2024-01-09T13:31:14.521+0530","caller":"core/lifecycle.go:381","msg":"Stopping tunnel"}
{"level":"debug","time":"2024-01-09T13:31:14.522+0530","caller":"ws/control.go:140","msg":"Unusual close error on control channel..."}
{"level":"debug","time":"2024-01-09T13:31:14.522+0530","caller":"ws/control.go:193","msg":"Write loop ended for control channel"}
{"level":"info","time":"2024-01-09T13:31:15.675+0530","caller":"core/lifecycle.go:388","msg":"Tunnel stopped successfully"}
{"level":"debug","time":"2024-01-09T13:31:15.676+0530","caller":"core/lifecycle.go:390","msg":"Quit requested from main goroutine...."}
{"level":"debug","time":"2024-01-09T13:31:15.676+0530","caller":"core/lifecycle.go:391","msg":"Waiting for the goroutines to exit"}
{"level":"debug","time":"2024-01-09T13:31:15.676+0530","caller":"core/lifecycle.go:393","msg":"All goroutines exited"}
{"level":"debug","time":"2024-01-09T13:31:15.676+0530","caller":"cmd/lt.go:249","msg":"main: all goroutines have finished."}
{"level":"debug","time":"2024-01-09T13:31:15.676+0530","caller":"cmd/lt.go:263","msg":"Go routines exited within timeout"}
{"level":"info","time":"2024-01-09T15:47:05.560+0530","caller":"cmd/lt.go:193","msg":"LambdaTest Tunnel version: 3.1.31"}
{"level":"debug","time":"2024-01-09T15:47:05.561+0530","caller":"core/lifecycle.go:41","msg":"Starting pipeline....."}
{"level":"debug","time":"2024-01-09T15:47:05.561+0530","caller":"core/lifecycle.go:42","msg":"OS: windows, Arch: amd64"}
{"level":"debug","time":"2024-01-09T15:47:05.561+0530","caller":"core/lifecycle.go:43","msg":"Fetching config"}
{"level":"warn","time":"2024-01-09T15:47:05.561+0530","caller":"configmanager/setup.go:79","msg":"Tunnel Name was not specified, using: caa89664-ef6e-4f9d-904e-3efa7abc296e"}
{"level":"debug","time":"2024-01-09T15:47:05.561+0530","caller":"core/lifecycle.go:65","msg":"Starting tunnel With flags: --user vinoth.vasu --key *****"}
{"level":"debug","time":"2024-01-09T15:47:06.122+0530","caller":"core/lifecycle.go:83","msg":"Remote config fetched"}
{"level":"debug","time":"2024-01-09T15:47:06.233+0530","caller":"custom/setup.go:777","msg":"Starting sink proxy"}
{"level":"debug","time":"2024-01-09T15:47:06.233+0530","caller":"networkscanner/setup.go:63","msg":"Trying on port 22"}
{"level":"debug","time":"2024-01-09T15:47:06.233+0530","caller":"networkscanner/setup.go:97","msg":"Trying on port 443"}
{"level":"debug","time":"2024-01-09T15:47:06.233+0530","caller":"networkscanner/setup.go:131","msg":"Trying over ssh over ws"}
{"level":"info","time":"2024-01-09T15:47:06.233+0530","caller":"custom/setup.go:720","msg":"Tunnel binary started on port :9090"}
{"level":"debug","time":"2024-01-09T15:47:06.399+0530","caller":"networkscanner/setup.go:148","msg":"WSS connection was successful"}
{"level":"debug","time":"2024-01-09T15:47:07.319+0530","caller":"networkscanner/setup.go:173","msg":"SSH connection over ws successful"}
{"level":"debug","time":"2024-01-09T15:47:07.329+0530","caller":"networkscanner/setup.go:118","msg":"SSH connection over port 443 successful"}
{"level":"debug","time":"2024-01-09T15:47:07.421+0530","caller":"networkscanner/setup.go:84","msg":"SSH connection over port 22 successful"}
{"level":"info","time":"2024-01-09T15:47:07.421+0530","caller":"core/lifecycle.go:120","msg":"Using ssh(over_22) :: connection mode"}
{"level":"debug","time":"2024-01-09T15:47:07.422+0530","caller":"ws/control.go:34","msg":"Starting control ws connection at wss://ts.lambdatest.com/monitor"}
{"level":"info","time":"2024-01-09T15:47:07.422+0530","caller":"core/lifecycle.go:250","msg":"Launching tunnel"}
{"level":"debug","time":"2024-01-09T15:47:07.772+0530","caller":"ws/control.go:72","msg":"Control ws channel opened"}
{"level":"debug","time":"2024-01-09T15:47:07.772+0530","caller":"ws/control.go:131","msg":"Starting message listener on control connection"}
{"level":"debug","time":"2024-01-09T15:47:09.352+0530","caller":"tunnelmanager/controller.go:149","msg":"otel disabled"}
{"level":"debug","time":"2024-01-09T15:47:09.352+0530","caller":"core/lifecycle.go:322","msg":"Sending tunnel registered message to channels"}
{"level":"debug","time":"2024-01-09T15:47:09.352+0530","caller":"ws/control.go:196","msg":"Tunnel registered message received on control channel"}
{"level":"debug","time":"2024-01-09T15:47:09.352+0530","caller":"ws/control.go:200","msg":"controller bus registered"}
{"level":"debug","time":"2024-01-09T15:47:09.352+0530","caller":"ssh/setup.go:71","msg":"Using 5 ssh connection"}
{"level":"debug","time":"2024-01-09T15:47:10.546+0530","caller":"ssh/ssh.go:216","msg":"Successfully started sshd listener on port: 27741"}
{"level":"debug","time":"2024-01-09T15:47:10.546+0530","caller":"ssh/ssh.go:216","msg":"Successfully started sshd listener on port: 19501"}
{"level":"debug","time":"2024-01-09T15:47:10.546+0530","caller":"ssh/ssh.go:216","msg":"Successfully started sshd listener on port: 14792"}
{"level":"debug","time":"2024-01-09T15:47:10.695+0530","caller":"ssh/ssh.go:216","msg":"Successfully started sshd listener on port: 16762"}
{"level":"debug","time":"2024-01-09T15:47:10.697+0530","caller":"ssh/ssh.go:216","msg":"Successfully started sshd listener on port: 22129"}
{"level":"info","time":"2024-01-09T15:47:10.546+0530","caller":"core/lifecycle.go:336","msg":"You can start testing now"}
{"level":"info","time":"2024-01-09T15:47:24.399+0530","caller":"core/lifecycle.go:337","msg":"Tunnel ID: 5679954"}
{"level":"debug","time":"2024-01-09T15:47:24.399+0530","caller":"core/lifecycle.go:338","msg":"Remote Listener Started on Port 13712"}
{"level":"debug","time":"2024-01-09T15:47:25.858+0530","caller":"cmd/lt.go:257","msg":"main: received interrupt signal - attempting graceful shutdown ...."}
{"level":"debug","time":"2024-01-09T15:47:25.858+0530","caller":"cmd/lt.go:259","msg":"main: telling goroutines to stop"}
{"level":"debug","time":"2024-01-09T15:47:25.858+0530","caller":"custom/setup.go:765","msg":"Exiting the sink proxy","tunnelID":"5679954"}
{"level":"debug","time":"2024-01-09T15:47:25.858+0530","caller":"core/lifecycle.go:379","msg":"Context cancelled"}
{"level":"info","time":"2024-01-09T15:47:25.859+0530","caller":"core/lifecycle.go:381","msg":"Stopping tunnel"}
{"level":"debug","time":"2024-01-09T15:47:25.866+0530","caller":"ws/control.go:140","msg":"Unusual close error on control channel..."}
{"level":"debug","time":"2024-01-09T15:47:25.866+0530","caller":"ws/control.go:193","msg":"Write loop ended for control channel"}
{"level":"debug","time":"2024-01-09T15:47:26.978+0530","caller":"ssh/ssh.go:222","msg":"Remote connection on remote port: 19501 closed, reason: EOF"}
{"level":"debug","time":"2024-01-09T15:47:26.978+0530","caller":"ssh/ssh.go:244","msg":"closed ssh connection with port 19501"}
{"level":"debug","time":"2024-01-09T15:47:26.978+0530","caller":"ssh/ssh.go:222","msg":"Remote connection on remote port: 14792 closed, reason: EOF"}
{"level":"debug","time":"2024-01-09T15:47:26.978+0530","caller":"ssh/ssh.go:244","msg":"closed ssh connection with port 14792"}
{"level":"debug","time":"2024-01-09T15:47:26.978+0530","caller":"ssh/ssh.go:222","msg":"Remote connection on remote port: 16762 closed, reason: EOF"}
{"level":"debug","time":"2024-01-09T15:47:26.978+0530","caller":"ssh/ssh.go:244","msg":"closed ssh connection with port 16762"}
{"level":"debug","time":"2024-01-09T15:47:26.980+0530","caller":"ssh/ssh.go:222","msg":"Remote connection on remote port: 22129 closed, reason: EOF"}
{"level":"debug","time":"2024-01-09T15:47:26.980+0530","caller":"ssh/ssh.go:222","msg":"Remote connection on remote port: 27741 closed, reason: EOF"}
{"level":"debug","time":"2024-01-09T15:47:26.980+0530","caller":"ssh/ssh.go:244","msg":"closed ssh connection with port 22129"}
{"level":"debug","time":"2024-01-09T15:47:26.980+0530","caller":"ssh/ssh.go:244","msg":"closed ssh connection with port 27741"}
{"level":"info","time":"2024-01-09T15:47:26.981+0530","caller":"core/lifecycle.go:388","msg":"Tunnel stopped successfully"}
{"level":"debug","time":"2024-01-09T15:47:26.981+0530","caller":"core/lifecycle.go:390","msg":"Quit requested from main goroutine...."}
{"level":"debug","time":"2024-01-09T15:47:26.981+0530","caller":"core/lifecycle.go:391","msg":"Waiting for the goroutines to exit"}
{"level":"debug","time":"2024-01-09T15:47:26.981+0530","caller":"core/lifecycle.go:393","msg":"All goroutines exited"}
{"level":"debug","time":"2024-01-09T15:47:26.982+0530","caller":"cmd/lt.go:249","msg":"main: all goroutines have finished."}
{"level":"debug","time":"2024-01-09T15:47:26.982+0530","caller":"cmd/lt.go:263","msg":"Go routines exited within timeout"}
{"level":"info","time":"2024-01-09T15:47:51.755+0530","caller":"cmd/lt.go:193","msg":"LambdaTest Tunnel version: 3.1.31"}
{"level":"debug","time":"2024-01-09T15:47:51.757+0530","caller":"core/lifecycle.go:41","msg":"Starting pipeline....."}
{"level":"debug","time":"2024-01-09T15:47:51.757+0530","caller":"core/lifecycle.go:42","msg":"OS: windows, Arch: amd64"}
{"level":"debug","time":"2024-01-09T15:47:51.757+0530","caller":"core/lifecycle.go:43","msg":"Fetching config"}
{"level":"debug","time":"2024-01-09T15:47:51.758+0530","caller":"core/lifecycle.go:65","msg":"Starting tunnel With flags: --user vinoth.vasu --key ***** accesskey --env ht-prod --tunnelName GuidewireTunnel -v"}
{"level":"debug","time":"2024-01-09T15:47:53.923+0530","caller":"core/lifecycle.go:83","msg":"Remote config fetched"}
{"level":"debug","time":"2024-01-09T15:47:54.027+0530","caller":"custom/setup.go:777","msg":"Starting sink proxy"}
{"level":"debug","time":"2024-01-09T15:47:54.027+0530","caller":"networkscanner/setup.go:97","msg":"Trying on port 443"}
{"level":"debug","time":"2024-01-09T15:47:54.027+0530","caller":"networkscanner/setup.go:63","msg":"Trying on port 22"}
{"level":"debug","time":"2024-01-09T15:47:54.027+0530","caller":"networkscanner/setup.go:131","msg":"Trying over ssh over ws"}
{"level":"info","time":"2024-01-09T15:47:54.028+0530","caller":"custom/setup.go:720","msg":"Tunnel binary started on port :9090"}
{"level":"debug","time":"2024-01-09T15:47:54.060+0530","caller":"networkscanner/setup.go:148","msg":"WSS connection was successful"}
{"level":"debug","time":"2024-01-09T15:47:54.407+0530","caller":"networkscanner/setup.go:118","msg":"SSH connection over port 443 successful"}
{"level":"debug","time":"2024-01-09T15:47:54.474+0530","caller":"networkscanner/setup.go:173","msg":"SSH connection over ws successful"}
{"level":"debug","time":"2024-01-09T15:47:54.489+0530","caller":"networkscanner/setup.go:84","msg":"SSH connection over port 22 successful"}
{"level":"info","time":"2024-01-09T15:47:54.491+0530","caller":"core/lifecycle.go:120","msg":"Using ssh(over_22) :: connection mode"}
{"level":"info","time":"2024-01-09T15:47:54.491+0530","caller":"core/lifecycle.go:250","msg":"Launching tunnel"}
{"level":"debug","time":"2024-01-09T15:47:54.491+0530","caller":"ws/control.go:34","msg":"Starting control ws connection at wss://hts.lambdatest.com/monitor"}
{"level":"debug","time":"2024-01-09T15:47:55.411+0530","caller":"ws/control.go:72","msg":"Control ws channel opened"}
{"level":"debug","time":"2024-01-09T15:47:55.412+0530","caller":"ws/control.go:131","msg":"Starting message listener on control connection"}
{"level":"debug","time":"2024-01-09T15:47:56.966+0530","caller":"tunnelmanager/controller.go:149","msg":"otel disabled"}
{"level":"debug","time":"2024-01-09T15:47:56.966+0530","caller":"core/lifecycle.go:322","msg":"Sending tunnel registered message to channels"}
{"level":"debug","time":"2024-01-09T15:47:56.966+0530","caller":"ssh/setup.go:71","msg":"Using 5 ssh connection"}
{"level":"debug","time":"2024-01-09T15:47:56.966+0530","caller":"ws/control.go:196","msg":"Tunnel registered message received on control channel"}
{"level":"debug","time":"2024-01-09T15:47:56.968+0530","caller":"ws/control.go:200","msg":"controller bus registered"}
{"level":"debug","time":"2024-01-09T15:47:57.580+0530","caller":"ssh/ssh.go:216","msg":"Successfully started sshd listener on port: 19503"}
{"level":"debug","time":"2024-01-09T15:47:57.593+0530","caller":"ssh/ssh.go:216","msg":"Successfully started sshd listener on port: 19798"}
{"level":"info","time":"2024-01-09T15:47:57.593+0530","caller":"core/lifecycle.go:336","msg":"You can start testing now"}
{"level":"info","time":"2024-01-09T15:47:57.594+0530","caller":"core/lifecycle.go:337","msg":"Tunnel ID: 1350504"}
{"level":"debug","time":"2024-01-09T15:47:57.596+0530","caller":"core/lifecycle.go:338","msg":"Remote Listener Started on Port 26234"}
{"level":"debug","time":"2024-01-09T15:47:57.622+0530","caller":"ssh/ssh.go:216","msg":"Successfully started sshd listener on port: 8384"}
{"level":"debug","time":"2024-01-09T15:47:57.642+0530","caller":"ssh/ssh.go:216","msg":"Successfully started sshd listener on port: 10673"}
{"level":"debug","time":"2024-01-09T15:47:57.654+0530","caller":"ssh/ssh.go:216","msg":"Successfully started sshd listener on port: 22920"}
{"level":"debug","time":"2024-01-09T15:50:11.175+0530","caller":"cmd/lt.go:257","msg":"main: received interrupt signal - attempting graceful shutdown ...."}
{"level":"debug","time":"2024-01-09T15:50:11.175+0530","caller":"cmd/lt.go:259","msg":"main: telling goroutines to stop"}
{"level":"debug","time":"2024-01-09T15:50:11.175+0530","caller":"custom/setup.go:765","msg":"Exiting the sink proxy","tunnelID":"1350504"}
{"level":"debug","time":"2024-01-09T15:50:11.175+0530","caller":"core/lifecycle.go:379","msg":"Context cancelled"}
{"level":"info","time":"2024-01-09T15:50:11.176+0530","caller":"core/lifecycle.go:381","msg":"Stopping tunnel"}
{"level":"debug","time":"2024-01-09T15:50:11.176+0530","caller":"ws/control.go:140","msg":"Unusual close error on control channel..."}
{"level":"debug","time":"2024-01-09T15:50:11.176+0530","caller":"ws/control.go:193","msg":"Write loop ended for control channel"}
{"level":"debug","time":"2024-01-09T15:50:12.173+0530","caller":"ssh/ssh.go:222","msg":"Remote connection on remote port: 19798 closed, reason: EOF"}
{"level":"debug","time":"2024-01-09T15:50:12.174+0530","caller":"ssh/ssh.go:244","msg":"closed ssh connection with port 19798"}
{"level":"debug","time":"2024-01-09T15:50:12.176+0530","caller":"ssh/ssh.go:222","msg":"Remote connection on remote port: 19503 closed, reason: EOF"}
{"level":"debug","time":"2024-01-09T15:50:12.176+0530","caller":"ssh/ssh.go:222","msg":"Remote connection on remote port: 8384 closed, reason: EOF"}
{"level":"debug","time":"2024-01-09T15:50:12.176+0530","caller":"ssh/ssh.go:244","msg":"closed ssh connection with port 19503"}
{"level":"debug","time":"2024-01-09T15:50:12.177+0530","caller":"ssh/ssh.go:244","msg":"closed ssh connection with port 8384"}
{"level":"debug","time":"2024-01-09T15:50:12.178+0530","caller":"ssh/ssh.go:222","msg":"Remote connection on remote port: 22920 closed, reason: EOF"}
{"level":"debug","time":"2024-01-09T15:50:12.179+0530","caller":"ssh/ssh.go:244","msg":"closed ssh connection with port 22920"}
{"level":"debug","time":"2024-01-09T15:50:12.179+0530","caller":"ssh/ssh.go:222","msg":"Remote connection on remote port: 10673 closed, reason: EOF"}
{"level":"debug","time":"2024-01-09T15:50:12.180+0530","caller":"ssh/ssh.go:244","msg":"closed ssh connection with port 10673"}
{"level":"info","time":"2024-01-09T15:50:12.572+0530","caller":"core/lifecycle.go:388","msg":"Tunnel stopped successfully"}
{"level":"debug","time":"2024-01-09T15:50:12.573+0530","caller":"core/lifecycle.go:390","msg":"Quit requested from main goroutine...."}
{"level":"debug","time":"2024-01-09T15:50:12.574+0530","caller":"core/lifecycle.go:391","msg":"Waiting for the goroutines to exit"}
{"level":"debug","time":"2024-01-09T15:50:12.575+0530","caller":"core/lifecycle.go:393","msg":"All goroutines exited"}
{"level":"debug","time":"2024-01-09T15:50:12.576+0530","caller":"cmd/lt.go:249","msg":"main: all goroutines have finished."}
{"level":"debug","time":"2024-01-09T15:50:12.577+0530","caller":"cmd/lt.go:263","msg":"Go routines exited within timeout"}
{"level":"info","time":"2024-01-09T15:53:45.291+0530","caller":"cmd/lt.go:193","msg":"LambdaTest Tunnel version: 3.1.31"}
{"level":"debug","time":"2024-01-09T15:53:45.292+0530","caller":"core/lifecycle.go:41","msg":"Starting pipeline....."}
{"level":"debug","time":"2024-01-09T15:53:45.293+0530","caller":"core/lifecycle.go:42","msg":"OS: windows, Arch: amd64"}
{"level":"debug","time":"2024-01-09T15:53:45.293+0530","caller":"core/lifecycle.go:43","msg":"Fetching config"}
{"level":"debug","time":"2024-01-09T15:53:45.293+0530","caller":"core/lifecycle.go:65","msg":"Starting tunnel With flags: --user vinoth.vasu --key ***** accesskey --env ht-prod --tunnelName GuidewireTunnel -v"}
{"level":"debug","time":"2024-01-09T15:53:47.226+0530","caller":"core/lifecycle.go:83","msg":"Remote config fetched"}
{"level":"debug","time":"2024-01-09T15:53:47.469+0530","caller":"custom/setup.go:777","msg":"Starting sink proxy"}
{"level":"debug","time":"2024-01-09T15:53:47.469+0530","caller":"networkscanner/setup.go:63","msg":"Trying on port 22"}
{"level":"debug","time":"2024-01-09T15:53:47.469+0530","caller":"networkscanner/setup.go:97","msg":"Trying on port 443"}
{"level":"debug","time":"2024-01-09T15:53:47.469+0530","caller":"networkscanner/setup.go:131","msg":"Trying over ssh over ws"}
{"level":"info","time":"2024-01-09T15:53:47.471+0530","caller":"custom/setup.go:720","msg":"Tunnel binary started on port :9090"}
{"level":"debug","time":"2024-01-09T15:53:47.523+0530","caller":"networkscanner/setup.go:148","msg":"WSS connection was successful"}
{"level":"debug","time":"2024-01-09T15:53:47.887+0530","caller":"networkscanner/setup.go:173","msg":"SSH connection over ws successful"}
{"level":"debug","time":"2024-01-09T15:53:47.908+0530","caller":"networkscanner/setup.go:118","msg":"SSH connection over port 443 successful"}
{"level":"debug","time":"2024-01-09T15:53:47.964+0530","caller":"networkscanner/setup.go:84","msg":"SSH connection over port 22 successful"}
{"level":"info","time":"2024-01-09T15:53:47.965+0530","caller":"core/lifecycle.go:120","msg":"Using ssh(over_22) :: connection mode"}
{"level":"info","time":"2024-01-09T15:53:47.966+0530","caller":"core/lifecycle.go:250","msg":"Launching tunnel"}
{"level":"debug","time":"2024-01-09T15:53:47.966+0530","caller":"ws/control.go:34","msg":"Starting control ws connection at wss://hts.lambdatest.com/monitor"}
{"level":"debug","time":"2024-01-09T15:53:48.334+0530","caller":"ws/control.go:72","msg":"Control ws channel opened"}
{"level":"debug","time":"2024-01-09T15:53:48.334+0530","caller":"ws/control.go:131","msg":"Starting message listener on control connection"}
{"level":"debug","time":"2024-01-09T15:53:50.318+0530","caller":"tunnelmanager/controller.go:149","msg":"otel disabled"}
{"level":"debug","time":"2024-01-09T15:53:50.320+0530","caller":"core/lifecycle.go:322","msg":"Sending tunnel registered message to channels"}
{"level":"debug","time":"2024-01-09T15:53:50.320+0530","caller":"ws/control.go:196","msg":"Tunnel registered message received on control channel"}
{"level":"debug","time":"2024-01-09T15:53:50.321+0530","caller":"ws/control.go:200","msg":"controller bus registered"}
{"level":"debug","time":"2024-01-09T15:53:50.320+0530","caller":"ssh/setup.go:71","msg":"Using 5 ssh connection"}
{"level":"debug","time":"2024-01-09T15:53:50.931+0530","caller":"ssh/ssh.go:216","msg":"Successfully started sshd listener on port: 25798"}
{"level":"debug","time":"2024-01-09T15:53:50.962+0530","caller":"ssh/ssh.go:216","msg":"Successfully started sshd listener on port: 28088"}
{"level":"info","time":"2024-01-09T15:53:50.962+0530","caller":"core/lifecycle.go:336","msg":"You can start testing now"}
{"level":"info","time":"2024-01-09T15:53:50.964+0530","caller":"core/lifecycle.go:337","msg":"Tunnel ID: 1350508"}
{"level":"debug","time":"2024-01-09T15:53:50.965+0530","caller":"core/lifecycle.go:338","msg":"Remote Listener Started on Port 29139"}
{"level":"debug","time":"2024-01-09T15:53:50.973+0530","caller":"ssh/ssh.go:216","msg":"Successfully started sshd listener on port: 6807"}
{"level":"debug","time":"2024-01-09T15:53:50.994+0530","caller":"ssh/ssh.go:216","msg":"Successfully started sshd listener on port: 5304"}
{"level":"debug","time":"2024-01-09T15:53:50.994+0530","caller":"ssh/ssh.go:216","msg":"Successfully started sshd listener on port: 28846"}
{"level":"debug","time":"2024-01-09T15:58:10.324+0530","caller":"custom/setup.go:521","msg":"handling connect request for URL https://accounts.google.com:443","tunnelID":"1350508","requestID":1}
{"level":"debug","time":"2024-01-09T15:58:12.489+0530","caller":"custom/setup.go:359","msg":"handle http request for http://172.24.135.200:8480/pc/PolicyCenter.do","tunnelID":"1350508","requestID":2}
{"level":"debug","time":"2024-01-09T15:58:12.522+0530","caller":"custom/setup.go:487","msg":"Response &{Status:200  StatusCode:200 Proto:HTTP/1.1 ProtoMajor:1 ProtoMinor:1 Header:map[Cache-Control:[no-store no-cache] Content-Type:[text/html;charset=utf-8] Date:[Tue, 09 Jan 2024 10:28:12 GMT] Expires:[Thu, 01 Jan 1970 00:00:00 GMT] Pragma:[no-cache] Set-Cookie:[JSESSIONID=9B68146D428E73D1A185CAF2A0FE9574; Path=/pc; HttpOnly] X-Correlation-Id:[0ba56996-2657-4285-8090-fa3ecd8aed98]] Body:0xc0000c6180 ContentLength:-1 TransferEncoding:[chunked] Close:false Uncompressed:false Trailer:map[] Request:0xc00042aa00 TLS:<nil>} for http request from domain http://172.24.135.200:8480/pc/PolicyCenter.do","tunnelID":"1350508","requestID":2}
{"level":"debug","time":"2024-01-09T15:58:12.790+0530","caller":"custom/setup.go:359","msg":"handle http request for http://172.24.135.200:8480/pc/resources/css/font.css","tunnelID":"1350508","requestID":3}
{"level":"debug","time":"2024-01-09T15:58:12.808+0530","caller":"custom/setup.go:487","msg":"Response &{Status:200  StatusCode:200 Proto:HTTP/1.1 ProtoMajor:1 ProtoMinor:1 Header:map[Accept-Ranges:[bytes] Cache-Control:[max-age=31536000] Content-Length:[153839] Content-Type:[text/css] Date:[Tue, 09 Jan 2024 10:28:12 GMT] Etag:[W/\"153839-318191400000\"] Last-Modified:[Thu, 31 Jan 1980 18:30:00 GMT]] Body:0xc0000a45c0 ContentLength:153839 TransferEncoding:[] Close:false Uncompressed:false Trailer:map[] Request:0xc00042ac00 TLS:<nil>} for http request from domain http://172.24.135.200:8480/pc/resources/css/font.css","tunnelID":"1350508","requestID":3}
{"level":"debug","time":"2024-01-09T15:58:13.046+0530","caller":"custom/setup.go:359","msg":"handle http request for http://172.24.135.200:8480/pc/resources/js/gen/app-ts.js","tunnelID":"1350508","requestID":4}
{"level":"debug","time":"2024-01-09T15:58:13.050+0530","caller":"custom/setup.go:359","msg":"handle http request for http://172.24.135.200:8480/pc/resources/css/gen/pretheme.css","tunnelID":"1350508","requestID":5}
{"level":"debug","time":"2024-01-09T15:58:13.053+0530","caller":"custom/setup.go:359","msg":"handle http request for http://172.24.135.200:8480/pc/service/displaykeyvalues?checksum=tGjre5bpvP9D3xVcG%2BC%2FgtgPDOk%3D","tunnelID":"1350508","requestID":6}
{"level":"debug","time":"2024-01-09T15:58:13.057+0530","caller":"custom/setup.go:359","msg":"handle http request for http://172.24.135.200:8480/pc/resources/css/gen/gw-theme--green-white-web.css","tunnelID":"1350508","requestID":7}
{"level":"debug","time":"2024-01-09T15:58:13.058+0530","caller":"custom/setup.go:359","msg":"handle http request for http://172.24.135.200:8480/pc/resources/js/gen/all.js","tunnelID":"1350508","requestID":8}
{"level":"debug","time":"2024-01-09T15:58:13.068+0530","caller":"custom/setup.go:487","msg":"Response &{Status:200  StatusCode:200 Proto:HTTP/1.1 ProtoMajor:1 ProtoMinor:1 Header:map[Accept-Ranges:[bytes] Cache-Control:[no-cache] Content-Length:[788944] Content-Type:[application/javascript] Date:[Tue, 09 Jan 2024 10:28:12 GMT] Etag:[W/\"788944-318191400000\"] Last-Modified:[Thu, 31 Jan 1980 18:30:00 GMT]] Body:0xc0000c6040 ContentLength:788944 TransferEncoding:[] Close:false Uncompressed:false Trailer:map[] Request:0xc0004d8100 TLS:<nil>} for http request from domain http://172.24.135.200:8480/pc/resources/js/gen/app-ts.js","tunnelID":"1350508","requestID":4}
{"level":"debug","time":"2024-01-09T15:58:13.071+0530","caller":"custom/setup.go:487","msg":"Response &{Status:200  StatusCode:200 Proto:HTTP/1.1 ProtoMajor:1 ProtoMinor:1 Header:map[Accept-Ranges:[bytes] Cache-Control:[no-cache] Content-Length:[65920] Content-Type:[text/css] Date:[Tue, 09 Jan 2024 10:28:12 GMT] Etag:[W/\"65920-318191400000\"] Last-Modified:[Thu, 31 Jan 1980 18:30:00 GMT]] Body:0xc0003561c0 ContentLength:65920 TransferEncoding:[] Close:false Uncompressed:false Trailer:map[] Request:0xc00042ad00 TLS:<nil>} for http request from domain http://172.24.135.200:8480/pc/resources/css/gen/pretheme.css","tunnelID":"1350508","requestID":5}
{"level":"debug","time":"2024-01-09T15:58:13.077+0530","caller":"custom/setup.go:487","msg":"Response &{Status:200  StatusCode:200 Proto:HTTP/1.1 ProtoMajor:1 ProtoMinor:1 Header:map[Cache-Control:[max-age=31536000] Content-Length:[3824] Content-Type:[text/javascript;charset=UTF-8] Date:[Tue, 09 Jan 2024 10:28:12 GMT]] Body:0xc0000c6240 ContentLength:3824 TransferEncoding:[] Close:false Uncompressed:false Trailer:map[] Request:0xc0001aa700 TLS:<nil>} for http request from domain http://172.24.135.200:8480/pc/service/displaykeyvalues?checksum=tGjre5bpvP9D3xVcG%2BC%2FgtgPDOk%3D","tunnelID":"1350508","requestID":6}
{"level":"debug","time":"2024-01-09T15:58:13.084+0530","caller":"custom/setup.go:487","msg":"Response &{Status:200  StatusCode:200 Proto:HTTP/1.1 ProtoMajor:1 ProtoMinor:1 Header:map[Accept-Ranges:[bytes] Cache-Control:[no-cache] Content-Length:[105950] Content-Type:[application/javascript] Date:[Tue, 09 Jan 2024 10:28:12 GMT] Etag:[W/\"105950-318191400000\"] Last-Modified:[Thu, 31 Jan 1980 18:30:00 GMT]] Body:0xc000356280 ContentLength:105950 TransferEncoding:[] Close:false Uncompressed:false Trailer:map[] Request:0xc0000c8800 TLS:<nil>} for http request from domain http://172.24.135.200:8480/pc/resources/js/gen/all.js","tunnelID":"1350508","requestID":8}
{"level":"debug","time":"2024-01-09T15:58:13.084+0530","caller":"custom/setup.go:487","msg":"Response &{Status:200  StatusCode:200 Proto:HTTP/1.1 ProtoMajor:1 ProtoMinor:1 Header:map[Accept-Ranges:[bytes] Cache-Control:[no-cache] Content-Length:[3114306] Content-Type:[text/css] Date:[Tue, 09 Jan 2024 10:28:12 GMT] Etag:[W/\"3114306-318191400000\"] Last-Modified:[Thu, 31 Jan 1980 18:30:00 GMT]] Body:0xc0002da200 ContentLength:3114306 TransferEncoding:[] Close:false Uncompressed:false Trailer:map[] Request:0xc0000c8700 TLS:<nil>} for http request from domain http://172.24.135.200:8480/pc/resources/css/gen/gw-theme--green-white-web.css","tunnelID":"1350508","requestID":7}
{"level":"debug","time":"2024-01-09T15:58:16.067+0530","caller":"custom/setup.go:521","msg":"handling connect request for URL https://fonts.googleapis.com:443","tunnelID":"1350508","requestID":9}
{"level":"debug","time":"2024-01-09T15:58:17.125+0530","caller":"custom/setup.go:359","msg":"handle http request for http://172.24.135.200:8480/pc/resources/logos/AppLogo.svg","tunnelID":"1350508","requestID":10}
{"level":"debug","time":"2024-01-09T15:58:17.189+0530","caller":"custom/setup.go:359","msg":"handle http request for http://172.24.135.200:8480/pc/resources/logos/GuidewireStripes.svg","tunnelID":"1350508","requestID":11}
{"level":"debug","time":"2024-01-09T15:58:17.192+0530","caller":"custom/setup.go:487","msg":"Response &{Status:200  StatusCode:200 Proto:HTTP/1.1 ProtoMajor:1 ProtoMinor:1 Header:map[Accept-Ranges:[bytes] Cache-Control:[max-age=2592000] Content-Length:[3158] Content-Type:[image/svg+xml] Date:[Tue, 09 Jan 2024 10:28:17 GMT] Etag:[W/\"3158-318191400000\"] Last-Modified:[Thu, 31 Jan 1980 18:30:00 GMT]] Body:0xc0000c6840 ContentLength:3158 TransferEncoding:[] Close:false Uncompressed:false Trailer:map[] Request:0xc0000c8a00 TLS:<nil>} for http request from domain http://172.24.135.200:8480/pc/resources/logos/AppLogo.svg","tunnelID":"1350508","requestID":10}
{"level":"debug","time":"2024-01-09T15:58:17.209+0530","caller":"custom/setup.go:487","msg":"Response &{Status:200  StatusCode:200 Proto:HTTP/1.1 ProtoMajor:1 ProtoMinor:1 Header:map[Accept-Ranges:[bytes] Cache-Control:[max-age=2592000] Content-Length:[1089] Content-Type:[image/svg+xml] Date:[Tue, 09 Jan 2024 10:28:17 GMT] Etag:[W/\"1089-318191400000\"] Last-Modified:[Thu, 31 Jan 1980 18:30:00 GMT]] Body:0xc0000c68c0 ContentLength:1089 TransferEncoding:[] Close:false Uncompressed:false Trailer:map[] Request:0xc0000c8c00 TLS:<nil>} for http request from domain http://172.24.135.200:8480/pc/resources/logos/GuidewireStripes.svg","tunnelID":"1350508","requestID":11}
{"level":"debug","time":"2024-01-09T15:58:17.411+0530","caller":"custom/setup.go:359","msg":"handle http request for http://172.24.135.200:8480/pc/resources/logos/GuidewireLogo.svg","tunnelID":"1350508","requestID":12}
{"level":"debug","time":"2024-01-09T15:58:17.411+0530","caller":"custom/setup.go:359","msg":"handle http request for http://172.24.135.200:8480/pc/resources/logos/LoginAppLogo.svg","tunnelID":"1350508","requestID":13}
{"level":"debug","time":"2024-01-09T15:58:17.429+0530","caller":"custom/setup.go:487","msg":"Response &{Status:200  StatusCode:200 Proto:HTTP/1.1 ProtoMajor:1 ProtoMinor:1 Header:map[Accept-Ranges:[bytes] Cache-Control:[max-age=2592000] Content-Length:[7479] Content-Type:[image/svg+xml] Date:[Tue, 09 Jan 2024 10:28:17 GMT] Etag:[W/\"7479-318191400000\"] Last-Modified:[Thu, 31 Jan 1980 18:30:00 GMT]] Body:0xc0002da880 ContentLength:7479 TransferEncoding:[] Close:false Uncompressed:false Trailer:map[] Request:0xc00042aa00 TLS:<nil>} for http request from domain http://172.24.135.200:8480/pc/resources/logos/GuidewireLogo.svg","tunnelID":"1350508","requestID":12}
{"level":"debug","time":"2024-01-09T15:58:17.429+0530","caller":"custom/setup.go:487","msg":"Response &{Status:200  StatusCode:200 Proto:HTTP/1.1 ProtoMajor:1 ProtoMinor:1 Header:map[Accept-Ranges:[bytes] Cache-Control:[max-age=2592000] Content-Length:[6725] Content-Type:[image/svg+xml] Date:[Tue, 09 Jan 2024 10:28:17 GMT] Etag:[W/\"6725-318191400000\"] Last-Modified:[Thu, 31 Jan 1980 18:30:00 GMT]] Body:0xc0003568c0 ContentLength:6725 TransferEncoding:[] Close:false Uncompressed:false Trailer:map[] Request:0xc0000c8d00 TLS:<nil>} for http request from domain http://172.24.135.200:8480/pc/resources/logos/LoginAppLogo.svg","tunnelID":"1350508","requestID":13}
{"level":"debug","time":"2024-01-09T15:58:17.436+0530","caller":"custom/setup.go:359","msg":"handle http request for http://172.24.135.200:8480/pc/resources/fonts/gw-font.woff2","tunnelID":"1350508","requestID":14}
{"level":"debug","time":"2024-01-09T15:58:17.453+0530","caller":"custom/setup.go:487","msg":"Response &{Status:200  StatusCode:200 Proto:HTTP/1.1 ProtoMajor:1 ProtoMinor:1 Header:map[Accept-Ranges:[bytes] Cache-Control:[max-age=2592000] Content-Length:[19740] Content-Type:[font/woff2] Date:[Tue, 09 Jan 2024 10:28:17 GMT] Etag:[W/\"19740-318191400000\"] Last-Modified:[Thu, 31 Jan 1980 18:30:00 GMT]] Body:0xc0002da900 ContentLength:19740 TransferEncoding:[] Close:false Uncompressed:false Trailer:map[] Request:0xc00042ac00 TLS:<nil>} for http request from domain http://172.24.135.200:8480/pc/resources/fonts/gw-font.woff2","tunnelID":"1350508","requestID":14}
{"level":"debug","time":"2024-01-09T15:58:17.475+0530","caller":"custom/setup.go:521","msg":"handling connect request for URL https://fonts.gstatic.com:443","tunnelID":"1350508","requestID":15}
{"level":"debug","time":"2024-01-09T15:58:17.508+0530","caller":"custom/setup.go:521","msg":"handling connect request for URL https://content-autofill.googleapis.com:443","tunnelID":"1350508","requestID":16}
{"level":"debug","time":"2024-01-09T15:58:18.528+0530","caller":"custom/setup.go:359","msg":"handle http request for http://172.24.135.200:8480/pc/resources/img/app/favicon.ico","tunnelID":"1350508","requestID":17}
{"level":"debug","time":"2024-01-09T15:58:18.549+0530","caller":"custom/setup.go:487","msg":"Response &{Status:200  StatusCode:200 Proto:HTTP/1.1 ProtoMajor:1 ProtoMinor:1 Header:map[Accept-Ranges:[bytes] Content-Length:[1150] Content-Type:[image/x-icon] Date:[Tue, 09 Jan 2024 10:28:18 GMT] Etag:[W/\"1150-318191400000\"] Last-Modified:[Thu, 31 Jan 1980 18:30:00 GMT]] Body:0xc0000c6040 ContentLength:1150 TransferEncoding:[] Close:false Uncompressed:false Trailer:map[] Request:0xc0000c8500 TLS:<nil>} for http request from domain http://172.24.135.200:8480/pc/resources/img/app/favicon.ico","tunnelID":"1350508","requestID":17}
{"level":"debug","time":"2024-01-09T15:58:21.702+0530","caller":"custom/setup.go:359","msg":"handle http request for http://172.24.135.200:8480/pc/PolicyCenter.do","tunnelID":"1350508","requestID":18}
{"level":"debug","time":"2024-01-09T15:58:22.569+0530","caller":"custom/setup.go:487","msg":"Response &{Status:200  StatusCode:200 Proto:HTTP/1.1 ProtoMajor:1 ProtoMinor:1 Header:map[Cache-Control:[no-store no-cache] Content-Type:[text/html;charset=utf-8] Date:[Tue, 09 Jan 2024 10:28:22 GMT] Expires:[Thu, 01 Jan 1970 00:00:00 GMT] Pragma:[no-cache] Set-Cookie:[JSESSIONID=8324834DC43D96043A72EF589B3887D5; Path=/pc; HttpOnly] X-Content-Type-Options:[nosniff] X-Correlation-Id:[412ac6ea-030b-4ba7-b3b6-2a37ff6fe270]] Body:0xc0002daa80 ContentLength:-1 TransferEncoding:[chunked] Close:false Uncompressed:false Trailer:map[] Request:0xc0000c8800 TLS:<nil>} for http request from domain http://172.24.135.200:8480/pc/PolicyCenter.do","tunnelID":"1350508","requestID":18}
{"level":"debug","time":"2024-01-09T15:58:23.973+0530","caller":"custom/setup.go:359","msg":"handle http request for http://172.24.135.200:8480/pc/resources/fonts/fa-solid.woff2","tunnelID":"1350508","requestID":19}
{"level":"debug","time":"2024-01-09T15:58:24.001+0530","caller":"custom/setup.go:487","msg":"Response &{Status:200  StatusCode:200 Proto:HTTP/1.1 ProtoMajor:1 ProtoMinor:1 Header:map[Accept-Ranges:[bytes] Cache-Control:[max-age=2592000] Content-Length:[60372] Content-Type:[font/woff2] Date:[Tue, 09 Jan 2024 10:28:24 GMT] Etag:[W/\"60372-318191400000\"] Last-Modified:[Thu, 31 Jan 1980 18:30:00 GMT]] Body:0xc000356280 ContentLength:60372 TransferEncoding:[] Close:false Uncompressed:false Trailer:map[] Request:0xc0001aa600 TLS:<nil>} for http request from domain http://172.24.135.200:8480/pc/resources/fonts/fa-solid.woff2","tunnelID":"1350508","requestID":19}
{"level":"debug","time":"2024-01-09T15:58:24.231+0530","caller":"custom/setup.go:521","msg":"handling connect request for URL https://fonts.gstatic.com:443","tunnelID":"1350508","requestID":20}
{"level":"debug","time":"2024-01-09T15:58:27.951+0530","caller":"custom/setup.go:359","msg":"handle http request for http://172.24.135.200:8480/pc/PolicyCenter.do","tunnelID":"1350508","requestID":21}
{"level":"debug","time":"2024-01-09T15:58:28.397+0530","caller":"custom/setup.go:487","msg":"Response &{Status:200  StatusCode:200 Proto:HTTP/1.1 ProtoMajor:1 ProtoMinor:1 Header:map[Cache-Control:[no-store no-cache] Content-Type:[application/json;charset=utf-8] Date:[Tue, 09 Jan 2024 10:28:28 GMT] Expires:[Thu, 01 Jan 1970 00:00:00 GMT] Pragma:[no-cache] X-Content-Type-Options:[nosniff] X-Correlation-Id:[7037aff2-ed6d-4ddf-8e61-69c76a1daf40]] Body:0xc0003565c0 ContentLength:-1 TransferEncoding:[chunked] Close:false Uncompressed:false Trailer:map[] Request:0xc0001aaa00 TLS:<nil>} for http request from domain http://172.24.135.200:8480/pc/PolicyCenter.do","tunnelID":"1350508","requestID":21}
{"level":"debug","time":"2024-01-09T15:58:31.747+0530","caller":"custom/setup.go:359","msg":"handle http request for http://172.24.135.200:8480/pc/PolicyCenter.do","tunnelID":"1350508","requestID":22}
{"level":"debug","time":"2024-01-09T15:58:32.266+0530","caller":"custom/setup.go:487","msg":"Response &{Status:200  StatusCode:200 Proto:HTTP/1.1 ProtoMajor:1 ProtoMinor:1 Header:map[Cache-Control:[no-store no-cache] Content-Type:[application/json;charset=utf-8] Date:[Tue, 09 Jan 2024 10:28:32 GMT] Expires:[Thu, 01 Jan 1970 00:00:00 GMT] Pragma:[no-cache] X-Content-Type-Options:[nosniff] X-Correlation-Id:[d56dff44-98eb-4f55-b7da-c103d446e97e]] Body:0xc0000a4980 ContentLength:-1 TransferEncoding:[chunked] Close:false Uncompressed:false Trailer:map[] Request:0xc0000c8c00 TLS:<nil>} for http request from domain http://172.24.135.200:8480/pc/PolicyCenter.do","tunnelID":"1350508","requestID":22}
{"level":"debug","time":"2024-01-09T15:58:33.151+0530","caller":"custom/setup.go:521","msg":"handling connect request for URL https://optimizationguide-pa.googleapis.com:443","tunnelID":"1350508","requestID":23}
{"level":"debug","time":"2024-01-09T15:58:34.468+0530","caller":"custom/setup.go:521","msg":"handling connect request for URL https://optimizationguide-pa.googleapis.com:443","tunnelID":"1350508","requestID":24}
{"level":"debug","time":"2024-01-09T15:58:35.648+0530","caller":"custom/setup.go:359","msg":"handle http request for http://172.24.135.200:8480/pc/PolicyCenter.do","tunnelID":"1350508","requestID":25}
{"level":"debug","time":"2024-01-09T15:58:36.125+0530","caller":"custom/setup.go:487","msg":"Response &{Status:200  StatusCode:200 Proto:HTTP/1.1 ProtoMajor:1 ProtoMinor:1 Header:map[Cache-Control:[no-store no-cache] Content-Type:[application/json;charset=utf-8] Date:[Tue, 09 Jan 2024 10:28:36 GMT] Expires:[Thu, 01 Jan 1970 00:00:00 GMT] Pragma:[no-cache] X-Content-Type-Options:[nosniff] X-Correlation-Id:[7f2bf295-8518-42d7-a1a1-7713e677a38b]] Body:0xc0000a4e40 ContentLength:-1 TransferEncoding:[chunked] Close:false Uncompressed:false Trailer:map[] Request:0xc0000c9700 TLS:<nil>} for http request from domain http://172.24.135.200:8480/pc/PolicyCenter.do","tunnelID":"1350508","requestID":25}
{"level":"debug","time":"2024-01-09T15:58:41.472+0530","caller":"custom/setup.go:359","msg":"handle http request for http://172.24.135.200:8480/pc/PolicyCenter.do","tunnelID":"1350508","requestID":26}
{"level":"debug","time":"2024-01-09T15:58:41.972+0530","caller":"custom/setup.go:487","msg":"Response &{Status:200  StatusCode:200 Proto:HTTP/1.1 ProtoMajor:1 ProtoMinor:1 Header:map[Cache-Control:[no-store no-cache] Content-Type:[application/json;charset=utf-8] Date:[Tue, 09 Jan 2024 10:28:42 GMT] Expires:[Thu, 01 Jan 1970 00:00:00 GMT] Pragma:[no-cache] X-Content-Type-Options:[nosniff] X-Correlation-Id:[33c3235a-93a4-4245-ba4f-c2b61ba787bc]] Body:0xc0000c67c0 ContentLength:-1 TransferEncoding:[chunked] Close:false Uncompressed:false Trailer:map[] Request:0xc0001aae00 TLS:<nil>} for http request from domain http://172.24.135.200:8480/pc/PolicyCenter.do","tunnelID":"1350508","requestID":26}
{"level":"debug","time":"2024-01-09T15:58:44.611+0530","caller":"custom/setup.go:359","msg":"handle http request for http://172.24.135.200:8480/pc/PolicyCenter.do","tunnelID":"1350508","requestID":27}
{"level":"debug","time":"2024-01-09T15:58:44.861+0530","caller":"custom/setup.go:359","msg":"handle http request for http://172.24.135.200:8480/pc/PolicyCenter.do","tunnelID":"1350508","requestID":28}
{"level":"debug","time":"2024-01-09T15:58:44.887+0530","caller":"custom/setup.go:487","msg":"Response &{Status:200  StatusCode:200 Proto:HTTP/1.1 ProtoMajor:1 ProtoMinor:1 Header:map[Content-Length:[74] Content-Type:[application/json;charset=UTF-8] Date:[Tue, 09 Jan 2024 10:28:44 GMT] X-Correlation-Id:[fb8e6674-dcd6-4181-b57e-dfd3c08f04af]] Body:0xc0000c68c0 ContentLength:74 TransferEncoding:[] Close:false Uncompressed:false Trailer:map[] Request:0xc0001ab600 TLS:<nil>} for http request from domain http://172.24.135.200:8480/pc/PolicyCenter.do","tunnelID":"1350508","requestID":28}
{"level":"debug","time":"2024-01-09T15:58:45.069+0530","caller":"custom/setup.go:487","msg":"Response &{Status:200  StatusCode:200 Proto:HTTP/1.1 ProtoMajor:1 ProtoMinor:1 Header:map[Cache-Control:[no-store no-cache] Content-Type:[application/json;charset=utf-8] Date:[Tue, 09 Jan 2024 10:28:44 GMT] Expires:[Thu, 01 Jan 1970 00:00:00 GMT] Pragma:[no-cache] X-Content-Type-Options:[nosniff] X-Correlation-Id:[11a3ab83-e791-4303-adbc-56c7b3b359a7]] Body:0xc0002dad00 ContentLength:-1 TransferEncoding:[chunked] Close:false Uncompressed:false Trailer:map[] Request:0xc0001ab200 TLS:<nil>} for http request from domain http://172.24.135.200:8480/pc/PolicyCenter.do","tunnelID":"1350508","requestID":27}
{"level":"debug","time":"2024-01-09T15:58:47.071+0530","caller":"custom/setup.go:359","msg":"handle http request for http://172.24.135.200:8480/pc/PolicyCenter.do","tunnelID":"1350508","requestID":29}
{"level":"debug","time":"2024-01-09T15:58:47.331+0530","caller":"custom/setup.go:359","msg":"handle http request for http://172.24.135.200:8480/pc/PolicyCenter.do","tunnelID":"1350508","requestID":30}
{"level":"debug","time":"2024-01-09T15:58:47.353+0530","caller":"custom/setup.go:487","msg":"Response &{Status:200  StatusCode:200 Proto:HTTP/1.1 ProtoMajor:1 ProtoMinor:1 Header:map[Content-Length:[14] Content-Type:[application/json;charset=UTF-8] Date:[Tue, 09 Jan 2024 10:28:47 GMT] X-Correlation-Id:[b78ce586-501f-4c96-839d-2cf37a3018c3]] Body:0xc0000c6a40 ContentLength:14 TransferEncoding:[] Close:false Uncompressed:false Trailer:map[] Request:0xc0004d8600 TLS:<nil>} for http request from domain http://172.24.135.200:8480/pc/PolicyCenter.do","tunnelID":"1350508","requestID":30}
{"level":"debug","time":"2024-01-09T15:58:47.546+0530","caller":"custom/setup.go:487","msg":"Response &{Status:200  StatusCode:200 Proto:HTTP/1.1 ProtoMajor:1 ProtoMinor:1 Header:map[Cache-Control:[no-store no-cache] Content-Type:[application/json;charset=utf-8] Date:[Tue, 09 Jan 2024 10:28:47 GMT] Expires:[Thu, 01 Jan 1970 00:00:00 GMT] Pragma:[no-cache] X-Content-Type-Options:[nosniff] X-Correlation-Id:[6c639339-c8ac-44b7-b7ef-6e1de82e0da5]] Body:0xc0002dae40 ContentLength:-1 TransferEncoding:[chunked] Close:false Uncompressed:false Trailer:map[] Request:0xc0000c9b00 TLS:<nil>} for http request from domain http://172.24.135.200:8480/pc/PolicyCenter.do","tunnelID":"1350508","requestID":29}
{"level":"debug","time":"2024-01-09T15:58:52.868+0530","caller":"custom/setup.go:359","msg":"handle http request for http://172.24.135.200:8480/pc/PolicyCenter.do","tunnelID":"1350508","requestID":31}
{"level":"debug","time":"2024-01-09T15:58:53.341+0530","caller":"custom/setup.go:487","msg":"Response &{Status:200  StatusCode:200 Proto:HTTP/1.1 ProtoMajor:1 ProtoMinor:1 Header:map[Cache-Control:[no-store no-cache] Content-Type:[application/json;charset=utf-8] Date:[Tue, 09 Jan 2024 10:28:53 GMT] Expires:[Thu, 01 Jan 1970 00:00:00 GMT] Pragma:[no-cache] X-Content-Type-Options:[nosniff] X-Correlation-Id:[195aa34c-ac84-4972-bc44-ef8ff23d8670]] Body:0xc0000a5040 ContentLength:-1 TransferEncoding:[chunked] Close:false Uncompressed:false Trailer:map[] Request:0xc0000c9f00 TLS:<nil>} for http request from domain http://172.24.135.200:8480/pc/PolicyCenter.do","tunnelID":"1350508","requestID":31}
{"level":"debug","time":"2024-01-09T15:58:53.880+0530","caller":"custom/setup.go:359","msg":"handle http request for http://172.24.135.200:8480/pc/PolicyCenter.do","tunnelID":"1350508","requestID":32}
{"level":"debug","time":"2024-01-09T15:58:56.141+0530","caller":"custom/setup.go:487","msg":"Response &{Status:200  StatusCode:200 Proto:HTTP/1.1 ProtoMajor:1 ProtoMinor:1 Header:map[Cache-Control:[no-store no-cache] Content-Type:[application/json;charset=utf-8] Date:[Tue, 09 Jan 2024 10:28:56 GMT] Expires:[Thu, 01 Jan 1970 00:00:00 GMT] Pragma:[no-cache] X-Content-Type-Options:[nosniff] X-Correlation-Id:[92fb8793-cf19-4cca-b72b-33e3c0a07272]] Body:0xc0000c60c0 ContentLength:-1 TransferEncoding:[chunked] Close:false Uncompressed:false Trailer:map[] Request:0xc0001aba00 TLS:<nil>} for http request from domain http://172.24.135.200:8480/pc/PolicyCenter.do","tunnelID":"1350508","requestID":32}
{"level":"debug","time":"2024-01-09T15:59:00.288+0530","caller":"custom/setup.go:359","msg":"handle http request for http://172.24.135.200:8480/pc/PolicyCenter.do","tunnelID":"1350508","requestID":33}
{"level":"debug","time":"2024-01-09T15:59:00.349+0530","caller":"custom/setup.go:487","msg":"Response &{Status:200  StatusCode:200 Proto:HTTP/1.1 ProtoMajor:1 ProtoMinor:1 Header:map[Cache-Control:[no-store no-cache] Content-Type:[application/json;charset=utf-8] Date:[Tue, 09 Jan 2024 10:29:00 GMT] Expires:[Thu, 01 Jan 1970 00:00:00 GMT] Pragma:[no-cache] X-Content-Type-Options:[nosniff] X-Correlation-Id:[142cfa88-fffe-4014-a575-91cce5a4d1b1]] Body:0xc0000c61c0 ContentLength:-1 TransferEncoding:[chunked] Close:false Uncompressed:false Trailer:map[] Request:0xc0004d8300 TLS:<nil>} for http request from domain http://172.24.135.200:8480/pc/PolicyCenter.do","tunnelID":"1350508","requestID":33}
{"level":"debug","time":"2024-01-09T15:59:02.260+0530","caller":"custom/setup.go:359","msg":"handle http request for http://172.24.135.200:8480/pc/PolicyCenter.do","tunnelID":"1350508","requestID":34}
{"level":"debug","time":"2024-01-09T15:59:03.117+0530","caller":"custom/setup.go:487","msg":"Response &{Status:200  StatusCode:200 Proto:HTTP/1.1 ProtoMajor:1 ProtoMinor:1 Header:map[Cache-Control:[no-store no-cache] Content-Type:[application/json;charset=utf-8] Date:[Tue, 09 Jan 2024 10:29:03 GMT] Expires:[Thu, 01 Jan 1970 00:00:00 GMT] Pragma:[no-cache] X-Content-Type-Options:[nosniff] X-Correlation-Id:[c3a011b3-f90b-46e8-bde6-644e7cf780a1]] Body:0xc0002da400 ContentLength:-1 TransferEncoding:[chunked] Close:false Uncompressed:false Trailer:map[] Request:0xc00042ac00 TLS:<nil>} for http request from domain http://172.24.135.200:8480/pc/PolicyCenter.do","tunnelID":"1350508","requestID":34}
{"level":"debug","time":"2024-01-09T15:59:07.220+0530","caller":"custom/setup.go:359","msg":"handle http request for http://172.24.135.200:8480/pc/PolicyCenter.do","tunnelID":"1350508","requestID":35}
{"level":"debug","time":"2024-01-09T15:59:07.643+0530","caller":"custom/setup.go:487","msg":"Response &{Status:200  StatusCode:200 Proto:HTTP/1.1 ProtoMajor:1 ProtoMinor:1 Header:map[Cache-Control:[no-store no-cache] Content-Type:[application/json;charset=utf-8] Date:[Tue, 09 Jan 2024 10:29:07 GMT] Expires:[Thu, 01 Jan 1970 00:00:00 GMT] Pragma:[no-cache] X-Content-Type-Options:[nosniff] X-Correlation-Id:[eb34ab3a-9d1e-42d7-951a-94ed9ca7419a]] Body:0xc0000a4340 ContentLength:-1 TransferEncoding:[chunked] Close:false Uncompressed:false Trailer:map[] Request:0xc0001aa700 TLS:<nil>} for http request from domain http://172.24.135.200:8480/pc/PolicyCenter.do","tunnelID":"1350508","requestID":35}
{"level":"debug","time":"2024-01-09T15:59:10.761+0530","caller":"custom/setup.go:359","msg":"handle http request for http://172.24.135.200:8480/pc/PolicyCenter.do","tunnelID":"1350508","requestID":36}
{"level":"debug","time":"2024-01-09T15:59:10.839+0530","caller":"custom/setup.go:487","msg":"Response &{Status:200  StatusCode:200 Proto:HTTP/1.1 ProtoMajor:1 ProtoMinor:1 Header:map[Cache-Control:[no-store no-cache] Content-Type:[application/json;charset=utf-8] Date:[Tue, 09 Jan 2024 10:29:10 GMT] Expires:[Thu, 01 Jan 1970 00:00:00 GMT] Pragma:[no-cache] X-Content-Type-Options:[nosniff] X-Correlation-Id:[b6eee914-26c2-49f1-a063-7b6a3187afd4]] Body:0xc0000a4640 ContentLength:-1 TransferEncoding:[chunked] Close:false Uncompressed:false Trailer:map[] Request:0xc0001aab00 TLS:<nil>} for http request from domain http://172.24.135.200:8480/pc/PolicyCenter.do","tunnelID":"1350508","requestID":36}
{"level":"debug","time":"2024-01-09T15:59:12.997+0530","caller":"custom/setup.go:359","msg":"handle http request for http://172.24.135.200:8480/pc/PolicyCenter.do","tunnelID":"1350508","requestID":37}
{"level":"debug","time":"2024-01-09T15:59:13.143+0530","caller":"custom/setup.go:487","msg":"Response &{Status:200  StatusCode:200 Proto:HTTP/1.1 ProtoMajor:1 ProtoMinor:1 Header:map[Cache-Control:[no-store no-cache] Content-Type:[application/json;charset=utf-8] Date:[Tue, 09 Jan 2024 10:29:13 GMT] Expires:[Thu, 01 Jan 1970 00:00:00 GMT] Pragma:[no-cache] X-Content-Type-Options:[nosniff] X-Correlation-Id:[955c019f-e02f-4c9e-be0c-0f3614016487]] Body:0xc0000a4880 ContentLength:-1 TransferEncoding:[chunked] Close:false Uncompressed:false Trailer:map[] Request:0xc0000c8800 TLS:<nil>} for http request from domain http://172.24.135.200:8480/pc/PolicyCenter.do","tunnelID":"1350508","requestID":37}
{"level":"debug","time":"2024-01-09T15:59:15.361+0530","caller":"custom/setup.go:359","msg":"handle http request for http://172.24.135.200:8480/pc/PolicyCenter.do","tunnelID":"1350508","requestID":38}
{"level":"debug","time":"2024-01-09T15:59:15.477+0530","caller":"custom/setup.go:487","msg":"Response &{Status:200  StatusCode:200 Proto:HTTP/1.1 ProtoMajor:1 ProtoMinor:1 Header:map[Cache-Control:[no-store no-cache] Content-Type:[application/json;charset=utf-8] Date:[Tue, 09 Jan 2024 10:29:15 GMT] Expires:[Thu, 01 Jan 1970 00:00:00 GMT] Pragma:[no-cache] X-Content-Type-Options:[nosniff] X-Correlation-Id:[8fe1c012-2c53-4634-9458-7a63e71b3064]] Body:0xc0000c6780 ContentLength:-1 TransferEncoding:[chunked] Close:false Uncompressed:false Trailer:map[] Request:0xc00042b300 TLS:<nil>} for http request from domain http://172.24.135.200:8480/pc/PolicyCenter.do","tunnelID":"1350508","requestID":38}
{"level":"debug","time":"2024-01-09T15:59:17.079+0530","caller":"custom/setup.go:359","msg":"handle http request for http://172.24.135.200:8480/pc/PolicyCenter.do","tunnelID":"1350508","requestID":39}
{"level":"debug","time":"2024-01-09T15:59:17.725+0530","caller":"custom/setup.go:487","msg":"Response &{Status:200  StatusCode:200 Proto:HTTP/1.1 ProtoMajor:1 ProtoMinor:1 Header:map[Cache-Control:[no-store no-cache] Content-Type:[application/json;charset=utf-8] Date:[Tue, 09 Jan 2024 10:29:17 GMT] Expires:[Thu, 01 Jan 1970 00:00:00 GMT] Pragma:[no-cache] X-Content-Type-Options:[nosniff] X-Correlation-Id:[8b5c21bf-f6fb-4f8e-9080-bdbf8d1d4751]] Body:0xc0002da840 ContentLength:-1 TransferEncoding:[chunked] Close:false Uncompressed:false Trailer:map[] Request:0xc0000c8c00 TLS:<nil>} for http request from domain http://172.24.135.200:8480/pc/PolicyCenter.do","tunnelID":"1350508","requestID":39}
{"level":"debug","time":"2024-01-09T15:59:21.063+0530","caller":"custom/setup.go:359","msg":"handle http request for http://172.24.135.200:8480/pc/PolicyCenter.do","tunnelID":"1350508","requestID":40}
{"level":"debug","time":"2024-01-09T15:59:21.573+0530","caller":"custom/setup.go:487","msg":"Response &{Status:200  StatusCode:200 Proto:HTTP/1.1 ProtoMajor:1 ProtoMinor:1 Header:map[Cache-Control:[no-store no-cache] Content-Type:[application/json;charset=utf-8] Date:[Tue, 09 Jan 2024 10:29:21 GMT] Expires:[Thu, 01 Jan 1970 00:00:00 GMT] Pragma:[no-cache] X-Content-Type-Options:[nosniff] X-Correlation-Id:[090c28a4-306f-4a6c-a5e5-b507b4c5f6fe]] Body:0xc0002dab00 ContentLength:-1 TransferEncoding:[chunked] Close:false Uncompressed:false Trailer:map[] Request:0xc00042b800 TLS:<nil>} for http request from domain http://172.24.135.200:8480/pc/PolicyCenter.do","tunnelID":"1350508","requestID":40}
{"level":"debug","time":"2024-01-09T15:59:24.186+0530","caller":"custom/setup.go:359","msg":"handle http request for http://172.24.135.200:8480/pc/PolicyCenter.do","tunnelID":"1350508","requestID":41}
{"level":"debug","time":"2024-01-09T15:59:24.587+0530","caller":"custom/setup.go:487","msg":"Response &{Status:200  StatusCode:200 Proto:HTTP/1.1 ProtoMajor:1 ProtoMinor:1 Header:map[Cache-Control:[no-store no-cache] Content-Type:[application/json;charset=utf-8] Date:[Tue, 09 Jan 2024 10:29:24 GMT] Expires:[Thu, 01 Jan 1970 00:00:00 GMT] Pragma:[no-cache] X-Content-Type-Options:[nosniff] X-Correlation-Id:[dcfde2da-be00-45f6-a794-3e8bbeb2dc68]] Body:0xc000356740 ContentLength:-1 TransferEncoding:[chunked] Close:false Uncompressed:false Trailer:map[] Request:0xc00042bc00 TLS:<nil>} for http request from domain http://172.24.135.200:8480/pc/PolicyCenter.do","tunnelID":"1350508","requestID":41}
{"level":"debug","time":"2024-01-09T15:59:26.450+0530","caller":"custom/setup.go:359","msg":"handle http request for http://172.24.135.200:8480/pc/PolicyCenter.do","tunnelID":"1350508","requestID":42}
{"level":"debug","time":"2024-01-09T15:59:26.633+0530","caller":"custom/setup.go:487","msg":"Response &{Status:200  StatusCode:200 Proto:HTTP/1.1 ProtoMajor:1 ProtoMinor:1 Header:map[Cache-Control:[no-store no-cache] Content-Type:[application/json;charset=utf-8] Date:[Tue, 09 Jan 2024 10:29:26 GMT] Expires:[Thu, 01 Jan 1970 00:00:00 GMT] Pragma:[no-cache] X-Content-Type-Options:[nosniff] X-Correlation-Id:[1138b7ad-dce8-4255-873a-ca55c6f6b93a]] Body:0xc0000c6980 ContentLength:-1 TransferEncoding:[chunked] Close:false Uncompressed:false Trailer:map[] Request:0xc0000c9500 TLS:<nil>} for http request from domain http://172.24.135.200:8480/pc/PolicyCenter.do","tunnelID":"1350508","requestID":42}
{"level":"debug","time":"2024-01-09T15:59:32.290+0530","caller":"custom/setup.go:359","msg":"handle http request for http://172.24.135.200:8480/pc/PolicyCenter.do","tunnelID":"1350508","requestID":43}
{"level":"debug","time":"2024-01-09T15:59:32.502+0530","caller":"custom/setup.go:487","msg":"Response &{Status:200  StatusCode:200 Proto:HTTP/1.1 ProtoMajor:1 ProtoMinor:1 Header:map[Cache-Control:[no-store no-cache] Content-Type:[application/json;charset=utf-8] Date:[Tue, 09 Jan 2024 10:29:32 GMT] Expires:[Thu, 01 Jan 1970 00:00:00 GMT] Pragma:[no-cache] X-Content-Type-Options:[nosniff] X-Correlation-Id:[1abdd018-86aa-4315-a7a5-4c7aa26652b2]] Body:0xc0000a4a80 ContentLength:-1 TransferEncoding:[chunked] Close:false Uncompressed:false Trailer:map[] Request:0xc0004d8c00 TLS:<nil>} for http request from domain http://172.24.135.200:8480/pc/PolicyCenter.do","tunnelID":"1350508","requestID":43}
{"level":"debug","time":"2024-01-09T15:59:40.913+0530","caller":"custom/setup.go:359","msg":"handle http request for http://172.24.135.200:8480/pc/PolicyCenter.do","tunnelID":"1350508","requestID":44}
{"level":"debug","time":"2024-01-09T15:59:41.429+0530","caller":"custom/setup.go:487","msg":"Response &{Status:200  StatusCode:200 Proto:HTTP/1.1 ProtoMajor:1 ProtoMinor:1 Header:map[Cache-Control:[no-store no-cache] Content-Type:[application/json;charset=utf-8] Date:[Tue, 09 Jan 2024 10:29:41 GMT] Expires:[Thu, 01 Jan 1970 00:00:00 GMT] Pragma:[no-cache] X-Content-Type-Options:[nosniff] X-Correlation-Id:[10f4aa2e-15d0-47e4-870a-3198bb22c698]] Body:0xc000356840 ContentLength:-1 TransferEncoding:[chunked] Close:false Uncompressed:false Trailer:map[] Request:0xc000572000 TLS:<nil>} for http request from domain http://172.24.135.200:8480/pc/PolicyCenter.do","tunnelID":"1350508","requestID":44}
{"level":"debug","time":"2024-01-09T15:59:46.907+0530","caller":"custom/setup.go:359","msg":"handle http request for http://172.24.135.200:8480/pc/PolicyCenter.do","tunnelID":"1350508","requestID":45}
{"level":"debug","time":"2024-01-09T15:59:47.570+0530","caller":"custom/setup.go:487","msg":"Response &{Status:200  StatusCode:200 Proto:HTTP/1.1 ProtoMajor:1 ProtoMinor:1 Header:map[Cache-Control:[no-store no-cache] Content-Type:[application/json;charset=utf-8] Date:[Tue, 09 Jan 2024 10:29:47 GMT] Expires:[Thu, 01 Jan 1970 00:00:00 GMT] Pragma:[no-cache] X-Content-Type-Options:[nosniff] X-Correlation-Id:[ea6417d1-f06c-4ebe-86cd-e41aa8e09869]] Body:0xc0002dad80 ContentLength:-1 TransferEncoding:[chunked] Close:false Uncompressed:false Trailer:map[] Request:0xc000572400 TLS:<nil>} for http request from domain http://172.24.135.200:8480/pc/PolicyCenter.do","tunnelID":"1350508","requestID":45}
{"level":"debug","time":"2024-01-09T15:59:51.913+0530","caller":"custom/setup.go:359","msg":"handle http request for http://172.24.135.200:8480/pc/PolicyCenter.do","tunnelID":"1350508","requestID":46}
{"level":"debug","time":"2024-01-09T15:59:52.360+0530","caller":"custom/setup.go:487","msg":"Response &{Status:200  StatusCode:200 Proto:HTTP/1.1 ProtoMajor:1 ProtoMinor:1 Header:map[Cache-Control:[no-store no-cache] Content-Type:[application/json;charset=utf-8] Date:[Tue, 09 Jan 2024 10:29:52 GMT] Expires:[Thu, 01 Jan 1970 00:00:00 GMT] Pragma:[no-cache] X-Content-Type-Options:[nosniff] X-Correlation-Id:[b88899f5-9e07-4794-93e7-2dcb619e9cea]] Body:0xc0002daf40 ContentLength:-1 TransferEncoding:[chunked] Close:false Uncompressed:false Trailer:map[] Request:0xc0004d9000 TLS:<nil>} for http request from domain http://172.24.135.200:8480/pc/PolicyCenter.do","tunnelID":"1350508","requestID":46}
{"level":"debug","time":"2024-01-09T15:59:56.783+0530","caller":"custom/setup.go:359","msg":"handle http request for http://172.24.135.200:8480/pc/PolicyCenter.do","tunnelID":"1350508","requestID":47}
{"level":"debug","time":"2024-01-09T15:59:57.408+0530","caller":"custom/setup.go:487","msg":"Response &{Status:200  StatusCode:200 Proto:HTTP/1.1 ProtoMajor:1 ProtoMinor:1 Header:map[Cache-Control:[no-store no-cache] Content-Type:[application/json;charset=utf-8] Date:[Tue, 09 Jan 2024 10:29:57 GMT] Expires:[Thu, 01 Jan 1970 00:00:00 GMT] Pragma:[no-cache] X-Content-Type-Options:[nosniff] X-Correlation-Id:[d6bec6a8-a6c0-403b-82f2-bfa5ac00b71e]] Body:0xc0002db080 ContentLength:-1 TransferEncoding:[chunked] Close:false Uncompressed:false Trailer:map[] Request:0xc0004d9400 TLS:<nil>} for http request from domain http://172.24.135.200:8480/pc/PolicyCenter.do","tunnelID":"1350508","requestID":47}
{"level":"debug","time":"2024-01-09T16:00:01.003+0530","caller":"custom/setup.go:359","msg":"handle http request for http://172.24.135.200:8480/pc/PolicyCenter.do","tunnelID":"1350508","requestID":48}
{"level":"debug","time":"2024-01-09T16:00:01.149+0530","caller":"custom/setup.go:487","msg":"Response &{Status:200  StatusCode:200 Proto:HTTP/1.1 ProtoMajor:1 ProtoMinor:1 Header:map[Cache-Control:[no-store no-cache] Content-Type:[application/json;charset=utf-8] Date:[Tue, 09 Jan 2024 10:30:01 GMT] Expires:[Thu, 01 Jan 1970 00:00:00 GMT] Pragma:[no-cache] X-Content-Type-Options:[nosniff] X-Correlation-Id:[358b78bd-4ba4-4766-b5d4-e70334f83b03]] Body:0xc000356900 ContentLength:-1 TransferEncoding:[chunked] Close:false Uncompressed:false Trailer:map[] Request:0xc0001ab000 TLS:<nil>} for http request from domain http://172.24.135.200:8480/pc/PolicyCenter.do","tunnelID":"1350508","requestID":48}
{"level":"debug","time":"2024-01-09T16:00:08.198+0530","caller":"custom/setup.go:359","msg":"handle http request for http://172.24.135.200:8480/pc/PolicyCenter.do","tunnelID":"1350508","requestID":49}
{"level":"debug","time":"2024-01-09T16:00:08.798+0530","caller":"custom/setup.go:487","msg":"Response &{Status:200  StatusCode:200 Proto:HTTP/1.1 ProtoMajor:1 ProtoMinor:1 Header:map[Cache-Control:[no-store no-cache] Content-Type:[application/json;charset=utf-8] Date:[Tue, 09 Jan 2024 10:30:08 GMT] Expires:[Thu, 01 Jan 1970 00:00:00 GMT] Pragma:[no-cache] X-Content-Type-Options:[nosniff] X-Correlation-Id:[9ae29e1f-b046-4c3f-9ad5-ec41fd290880]] Body:0xc000356f00 ContentLength:-1 TransferEncoding:[chunked] Close:false Uncompressed:false Trailer:map[] Request:0xc0000c9900 TLS:<nil>} for http request from domain http://172.24.135.200:8480/pc/PolicyCenter.do","tunnelID":"1350508","requestID":49}
{"level":"debug","time":"2024-01-09T16:00:10.872+0530","caller":"custom/setup.go:359","msg":"handle http request for http://172.24.135.200:8480/pc/PolicyCenter.do","tunnelID":"1350508","requestID":50}
{"level":"debug","time":"2024-01-09T16:00:11.044+0530","caller":"custom/setup.go:487","msg":"Response &{Status:200  StatusCode:200 Proto:HTTP/1.1 ProtoMajor:1 ProtoMinor:1 Header:map[Cache-Control:[no-store no-cache] Content-Type:[application/json;charset=utf-8] Date:[Tue, 09 Jan 2024 10:30:11 GMT] Expires:[Thu, 01 Jan 1970 00:00:00 GMT] Pragma:[no-cache] X-Content-Type-Options:[nosniff] X-Correlation-Id:[11bf7947-f319-4059-b737-32879ae5b864]] Body:0xc0000c6e40 ContentLength:-1 TransferEncoding:[chunked] Close:false Uncompressed:false Trailer:map[] Request:0xc000572800 TLS:<nil>} for http request from domain http://172.24.135.200:8480/pc/PolicyCenter.do","tunnelID":"1350508","requestID":50}
{"level":"debug","time":"2024-01-09T16:00:13.118+0530","caller":"custom/setup.go:359","msg":"handle http request for http://172.24.135.200:8480/pc/PolicyCenter.do","tunnelID":"1350508","requestID":51}
{"level":"debug","time":"2024-01-09T16:00:18.828+0530","caller":"custom/setup.go:487","msg":"Response &{Status:200  StatusCode:200 Proto:HTTP/1.1 ProtoMajor:1 ProtoMinor:1 Header:map[Cache-Control:[no-store no-cache] Content-Type:[application/json;charset=utf-8] Date:[Tue, 09 Jan 2024 10:30:18 GMT] Expires:[Thu, 01 Jan 1970 00:00:00 GMT] Pragma:[no-cache] X-Content-Type-Options:[nosniff] X-Correlation-Id:[902ec61a-55cd-425d-a62b-da2e4a42e790]] Body:0xc000356f80 ContentLength:-1 TransferEncoding:[chunked] Close:false Uncompressed:false Trailer:map[] Request:0xc0001ab400 TLS:<nil>} for http request from domain http://172.24.135.200:8480/pc/PolicyCenter.do","tunnelID":"1350508","requestID":51}
{"level":"debug","time":"2024-01-09T16:00:21.315+0530","caller":"custom/setup.go:359","msg":"handle http request for http://172.24.135.200:8480/pc/PolicyCenter.do","tunnelID":"1350508","requestID":52}
{"level":"debug","time":"2024-01-09T16:00:21.443+0530","caller":"custom/setup.go:487","msg":"Response &{Status:200  StatusCode:200 Proto:HTTP/1.1 ProtoMajor:1 ProtoMinor:1 Header:map[Cache-Control:[no-store no-cache] Content-Type:[application/json;charset=utf-8] Date:[Tue, 09 Jan 2024 10:30:21 GMT] Expires:[Thu, 01 Jan 1970 00:00:00 GMT] Pragma:[no-cache] X-Content-Type-Options:[nosniff] X-Correlation-Id:[b5428ef5-7dbc-448d-8d91-3323a14ce651]] Body:0xc0000c7080 ContentLength:-1 TransferEncoding:[chunked] Close:false Uncompressed:false Trailer:map[] Request:0xc000572c00 TLS:<nil>} for http request from domain http://172.24.135.200:8480/pc/PolicyCenter.do","tunnelID":"1350508","requestID":52}
{"level":"debug","time":"2024-01-09T16:00:23.255+0530","caller":"custom/setup.go:359","msg":"handle http request for http://172.24.135.200:8480/pc/PolicyCenter.do","tunnelID":"1350508","requestID":53}
{"level":"debug","time":"2024-01-09T16:00:27.603+0530","caller":"custom/setup.go:487","msg":"Response &{Status:200  StatusCode:200 Proto:HTTP/1.1 ProtoMajor:1 ProtoMinor:1 Header:map[Cache-Control:[no-store no-cache] Content-Type:[application/json;charset=utf-8] Date:[Tue, 09 Jan 2024 10:30:27 GMT] Expires:[Thu, 01 Jan 1970 00:00:00 GMT] Pragma:[no-cache] X-Content-Type-Options:[nosniff] X-Correlation-Id:[aedd96b8-365e-4423-a3fb-69e9e3ab4c54]] Body:0xc0002db200 ContentLength:-1 TransferEncoding:[chunked] Close:false Uncompressed:false Trailer:map[] Request:0xc0000c9d00 TLS:<nil>} for http request from domain http://172.24.135.200:8480/pc/PolicyCenter.do","tunnelID":"1350508","requestID":53}
{"level":"debug","time":"2024-01-09T16:00:31.409+0530","caller":"custom/setup.go:359","msg":"handle http request for http://172.24.135.200:8480/pc/PolicyCenter.do","tunnelID":"1350508","requestID":54}
{"level":"debug","time":"2024-01-09T16:00:32.841+0530","caller":"custom/setup.go:487","msg":"Response &{Status:200  StatusCode:200 Proto:HTTP/1.1 ProtoMajor:1 ProtoMinor:1 Header:map[Cache-Control:[no-store no-cache] Content-Type:[application/json;charset=utf-8] Date:[Tue, 09 Jan 2024 10:30:32 GMT] Expires:[Thu, 01 Jan 1970 00:00:00 GMT] Pragma:[no-cache] X-Content-Type-Options:[nosniff] X-Correlation-Id:[294f5d6e-c52b-470f-bcf7-f78c141f6303]] Body:0xc000357180 ContentLength:-1 TransferEncoding:[chunked] Close:false Uncompressed:false Trailer:map[] Request:0xc000573000 TLS:<nil>} for http request from domain http://172.24.135.200:8480/pc/PolicyCenter.do","tunnelID":"1350508","requestID":54}
{"level":"debug","time":"2024-01-09T16:00:34.336+0530","caller":"custom/setup.go:359","msg":"handle http request for http://172.24.135.200:8480/pc/PolicyCenter.do","tunnelID":"1350508","requestID":55}
{"level":"debug","time":"2024-01-09T16:00:35.178+0530","caller":"custom/setup.go:487","msg":"Response &{Status:200  StatusCode:200 Proto:HTTP/1.1 ProtoMajor:1 ProtoMinor:1 Header:map[Cache-Control:[no-store no-cache] Content-Type:[application/json;charset=utf-8] Date:[Tue, 09 Jan 2024 10:30:35 GMT] Expires:[Thu, 01 Jan 1970 00:00:00 GMT] Pragma:[no-cache] X-Content-Type-Options:[nosniff] X-Correlation-Id:[f6268f79-63f2-4ccf-ad8f-8f155ddabe76]] Body:0xc0000a52c0 ContentLength:-1 TransferEncoding:[chunked] Close:false Uncompressed:false Trailer:map[] Request:0xc0001abc00 TLS:<nil>} for http request from domain http://172.24.135.200:8480/pc/PolicyCenter.do","tunnelID":"1350508","requestID":55}
{"level":"debug","time":"2024-01-09T16:20:34.790+0530","caller":"cmd/lt.go:257","msg":"main: received interrupt signal - attempting graceful shutdown ...."}
{"level":"debug","time":"2024-01-09T16:20:34.793+0530","caller":"cmd/lt.go:259","msg":"main: telling goroutines to stop"}
{"level":"debug","time":"2024-01-09T16:20:34.793+0530","caller":"custom/setup.go:765","msg":"Exiting the sink proxy","tunnelID":"1350508"}
{"level":"debug","time":"2024-01-09T16:20:34.793+0530","caller":"core/lifecycle.go:379","msg":"Context cancelled"}
{"level":"info","time":"2024-01-09T16:20:34.794+0530","caller":"core/lifecycle.go:381","msg":"Stopping tunnel"}
{"level":"debug","time":"2024-01-09T16:20:34.794+0530","caller":"ws/control.go:140","msg":"Unusual close error on control channel..."}
{"level":"debug","time":"2024-01-09T16:20:34.796+0530","caller":"ws/control.go:193","msg":"Write loop ended for control channel"}
{"level":"info","time":"2024-01-09T16:26:57.647+0530","caller":"cmd/lt.go:193","msg":"LambdaTest Tunnel version: 3.1.31"}
{"level":"debug","time":"2024-01-09T16:26:57.649+0530","caller":"core/lifecycle.go:41","msg":"Starting pipeline....."}
{"level":"debug","time":"2024-01-09T16:26:57.650+0530","caller":"core/lifecycle.go:42","msg":"OS: windows, Arch: amd64"}
{"level":"debug","time":"2024-01-09T16:26:57.650+0530","caller":"core/lifecycle.go:43","msg":"Fetching config"}
{"level":"debug","time":"2024-01-09T16:26:57.652+0530","caller":"core/lifecycle.go:65","msg":"Starting tunnel With flags: --user vinoth.vasu --key ***** accesskey --env ht-prod --tunnelName GuidewireTunnel -v"}
{"level":"debug","time":"2024-01-09T16:26:59.526+0530","caller":"core/lifecycle.go:83","msg":"Remote config fetched"}
{"level":"debug","time":"2024-01-09T16:26:59.724+0530","caller":"custom/setup.go:777","msg":"Starting sink proxy"}
{"level":"debug","time":"2024-01-09T16:26:59.724+0530","caller":"networkscanner/setup.go:63","msg":"Trying on port 22"}
{"level":"debug","time":"2024-01-09T16:26:59.724+0530","caller":"networkscanner/setup.go:97","msg":"Trying on port 443"}
{"level":"debug","time":"2024-01-09T16:26:59.724+0530","caller":"networkscanner/setup.go:131","msg":"Trying over ssh over ws"}
{"level":"info","time":"2024-01-09T16:26:59.725+0530","caller":"custom/setup.go:720","msg":"Tunnel binary started on port :9090"}
{"level":"debug","time":"2024-01-09T16:26:59.756+0530","caller":"networkscanner/setup.go:148","msg":"WSS connection was successful"}
{"level":"debug","time":"2024-01-09T16:27:00.117+0530","caller":"networkscanner/setup.go:173","msg":"SSH connection over ws successful"}
{"level":"debug","time":"2024-01-09T16:27:00.135+0530","caller":"networkscanner/setup.go:84","msg":"SSH connection over port 22 successful"}
{"level":"debug","time":"2024-01-09T16:27:00.190+0530","caller":"networkscanner/setup.go:118","msg":"SSH connection over port 443 successful"}
{"level":"info","time":"2024-01-09T16:27:00.191+0530","caller":"core/lifecycle.go:120","msg":"Using ssh(over_22) :: connection mode"}
{"level":"info","time":"2024-01-09T16:27:00.191+0530","caller":"core/lifecycle.go:250","msg":"Launching tunnel"}
{"level":"debug","time":"2024-01-09T16:27:00.191+0530","caller":"ws/control.go:34","msg":"Starting control ws connection at wss://hts.lambdatest.com/monitor"}
{"level":"debug","time":"2024-01-09T16:27:00.544+0530","caller":"ws/control.go:72","msg":"Control ws channel opened"}
{"level":"debug","time":"2024-01-09T16:27:00.545+0530","caller":"ws/control.go:131","msg":"Starting message listener on control connection"}
{"level":"debug","time":"2024-01-09T16:27:02.528+0530","caller":"tunnelmanager/controller.go:149","msg":"otel disabled"}
{"level":"debug","time":"2024-01-09T16:27:02.529+0530","caller":"core/lifecycle.go:322","msg":"Sending tunnel registered message to channels"}
{"level":"debug","time":"2024-01-09T16:27:02.529+0530","caller":"ws/control.go:196","msg":"Tunnel registered message received on control channel"}
{"level":"debug","time":"2024-01-09T16:27:02.529+0530","caller":"ssh/setup.go:71","msg":"Using 5 ssh connection"}
{"level":"debug","time":"2024-01-09T16:27:02.529+0530","caller":"ws/control.go:200","msg":"controller bus registered"}
{"level":"debug","time":"2024-01-09T16:27:03.084+0530","caller":"ssh/ssh.go:216","msg":"Successfully started sshd listener on port: 25606"}
{"level":"debug","time":"2024-01-09T16:27:03.128+0530","caller":"ssh/ssh.go:216","msg":"Successfully started sshd listener on port: 19479"}
{"level":"info","time":"2024-01-09T16:27:03.128+0530","caller":"core/lifecycle.go:336","msg":"You can start testing now"}
{"level":"info","time":"2024-01-09T16:27:03.139+0530","caller":"core/lifecycle.go:337","msg":"Tunnel ID: 1350519"}
{"level":"debug","time":"2024-01-09T16:27:03.140+0530","caller":"core/lifecycle.go:338","msg":"Remote Listener Started on Port 19691"}
{"level":"debug","time":"2024-01-09T16:27:03.160+0530","caller":"ssh/ssh.go:216","msg":"Successfully started sshd listener on port: 2059"}
{"level":"debug","time":"2024-01-09T16:27:03.179+0530","caller":"ssh/ssh.go:216","msg":"Successfully started sshd listener on port: 20508"}
{"level":"debug","time":"2024-01-09T16:27:03.206+0530","caller":"ssh/ssh.go:216","msg":"Successfully started sshd listener on port: 18619"}
